
36444 : 0x15d0bf63d8ee8e : 1 : spill_jit_data :  Jit agent is not initialized
36444 : 0x15d0bf66f0a3bb : 2 : ittapi_config_mask_get :  --itt-config mask to be applied: 183
36444 : 0x15d0bf66f0cc4d : 2 : ittapi_config_apply_per_lib :  ITTAPI function instrumented: __itt_domain_create
36444 : 0x15d0bf66f0d5f7 : 2 : ittapi_config_apply_per_lib :  ITTAPI function instrumented: __itt_string_handle_create
36444 : 0x15d0bf66f0dda2 : 2 : ittapi_config_apply_per_lib :  ITTAPI function instrumented: __itt_counter_create
36444 : 0x15d0bf66f0e67d : 2 : ittapi_config_apply_per_lib :  ITTAPI function instrumented: __itt_counter_create_typed
36444 : 0x15d0bf66f0ef17 : 2 : ittapi_config_apply_per_lib :  ITTAPI function instrumented: __itt_pause
36444 : 0x15d0bf66f0f7d5 : 2 : ittapi_config_apply_per_lib :  ITTAPI function instrumented: __itt_resume
36444 : 0x15d0bf66f0ff89 : 2 : ittapi_config_apply_per_lib :  ITTAPI function instrumented: __itt_thread_set_name
36444 : 0x15d0bf66f10841 : 2 : ittapi_config_apply_per_lib :  ITTAPI function instrumented: __itt_thread_ignore
36444 : 0x15d0bf66f25dfe : 2 : ittapi_config_apply_per_lib :  ITTAPI function instrumented: __itt_thr_name_set
36444 : 0x15d0bf66f26c93 : 2 : ittapi_config_apply_per_lib :  ITTAPI function instrumented: __itt_thr_ignore
36444 : 0x15d0bf66f27c59 : 2 : ittapi_config_apply_per_lib :  ITTAPI function not implemented: __itt_enable_attach
36444 : 0x15d0bf66f287c8 : 2 : ittapi_config_apply_per_lib :  ITTAPI function instrumented: __itt_detach
36444 : 0x15d0bf66f28f1f : 2 : ittapi_config_apply_per_lib :  ITTAPI function NOT instrumented (not matched by --itt-config option): __itt_sync_create

36444 : 0x15d0bf66f296ad : 2 : ittapi_config_apply_per_lib :  ITTAPI function NOT instrumented (not matched by --itt-config option): __itt_sync_rename

36444 : 0x15d0bf66f29dfb : 2 : ittapi_config_apply_per_lib :  ITTAPI function NOT instrumented (not matched by --itt-config option): __itt_sync_destroy

36444 : 0x15d0bf66f2a4c7 : 2 : ittapi_config_apply_per_lib :  ITTAPI function NOT instrumented (not matched by --itt-config option): __itt_sync_prepare

36444 : 0x15d0bf66f2ac4b : 2 : ittapi_config_apply_per_lib :  ITTAPI function NOT instrumented (not matched by --itt-config option): __itt_sync_cancel

36444 : 0x15d0bf66f2b319 : 2 : ittapi_config_apply_per_lib :  ITTAPI function NOT instrumented (not matched by --itt-config option): __itt_sync_acquired

36444 : 0x15d0bf66f2d99c : 2 : ittapi_config_apply_per_lib :  ITTAPI function NOT instrumented (not matched by --itt-config option): __itt_sync_releasing

36444 : 0x15d0bf66f2e68d : 2 : ittapi_config_apply_per_lib :  ITTAPI function not implemented: __itt_suppress_push
36444 : 0x15d0bf66f2f1ba : 2 : ittapi_config_apply_per_lib :  ITTAPI function not implemented: __itt_suppress_pop
36444 : 0x15d0bf66f2fcbf : 2 : ittapi_config_apply_per_lib :  ITTAPI function not implemented: __itt_suppress_mark_range
36444 : 0x15d0bf66f307e7 : 2 : ittapi_config_apply_per_lib :  ITTAPI function not implemented: __itt_suppress_clear_range
36444 : 0x15d0bf66f30ecb : 2 : ittapi_config_apply_per_lib :  ITTAPI function NOT instrumented (not matched by --itt-config option): __itt_sync_prepare

36444 : 0x15d0bf66f3161e : 2 : ittapi_config_apply_per_lib :  ITTAPI function NOT instrumented (not matched by --itt-config option): __itt_sync_cancel

36444 : 0x15d0bf66f31cf4 : 2 : ittapi_config_apply_per_lib :  ITTAPI function NOT instrumented (not matched by --itt-config option): __itt_sync_acquired

36444 : 0x15d0bf66f323f6 : 2 : ittapi_config_apply_per_lib :  ITTAPI function NOT instrumented (not matched by --itt-config option): __itt_sync_releasing

36444 : 0x15d0bf66f32d0f : 2 : ittapi_config_apply_per_lib :  ITTAPI function instrumented: __itt_model_site_begin
36444 : 0x15d0bf66f34e50 : 2 : ittapi_config_apply_per_lib :  ITTAPI function instrumented: __itt_model_site_end
36444 : 0x15d0bf66f35831 : 2 : ittapi_config_apply_per_lib :  ITTAPI function instrumented: __itt_model_task_begin
36444 : 0x15d0bf66f360ec : 2 : ittapi_config_apply_per_lib :  ITTAPI function instrumented: __itt_model_task_end
36444 : 0x15d0bf66f36974 : 2 : ittapi_config_apply_per_lib :  ITTAPI function instrumented: __itt_model_lock_acquire
36444 : 0x15d0bf66f37292 : 2 : ittapi_config_apply_per_lib :  ITTAPI function instrumented: __itt_model_lock_release
36444 : 0x15d0bf66f37d23 : 2 : ittapi_config_apply_per_lib :  ITTAPI function not implemented: __itt_model_record_allocation
36444 : 0x15d0bf66f387f9 : 2 : ittapi_config_apply_per_lib :  ITTAPI function not implemented: __itt_model_record_deallocation
36444 : 0x15d0bf66f3927a : 2 : ittapi_config_apply_per_lib :  ITTAPI function not implemented: __itt_model_induction_uses
36444 : 0x15d0bf66f39c9b : 2 : ittapi_config_apply_per_lib :  ITTAPI function not implemented: __itt_model_reduction_uses
36444 : 0x15d0bf66f3a6ec : 2 : ittapi_config_apply_per_lib :  ITTAPI function not implemented: __itt_model_observe_uses
36444 : 0x15d0bf66f3d684 : 2 : ittapi_config_apply_per_lib :  ITTAPI function not implemented: __itt_model_clear_uses
36444 : 0x15d0bf66f3e0c7 : 2 : ittapi_config_apply_per_lib :  ITTAPI function instrumented: __itt_model_site_beginA
36444 : 0x15d0bf66f3e9e6 : 2 : ittapi_config_apply_per_lib :  ITTAPI function instrumented: __itt_model_site_beginAL
36444 : 0x15d0bf66f3f2a3 : 2 : ittapi_config_apply_per_lib :  ITTAPI function instrumented: __itt_model_task_beginA
36444 : 0x15d0bf66f3fb8b : 2 : ittapi_config_apply_per_lib :  ITTAPI function instrumented: __itt_model_task_beginAL
36444 : 0x15d0bf66f40481 : 2 : ittapi_config_apply_per_lib :  ITTAPI function instrumented: __itt_model_iteration_taskA
36444 : 0x15d0bf66f40d0f : 2 : ittapi_config_apply_per_lib :  ITTAPI function instrumented: __itt_model_iteration_taskAL
36444 : 0x15d0bf66f41d93 : 2 : ittapi_config_apply_per_lib :  ITTAPI function instrumented: __itt_model_site_end_2
36444 : 0x15d0bf66f42643 : 2 : ittapi_config_apply_per_lib :  ITTAPI function instrumented: __itt_model_task_end_2
36444 : 0x15d0bf66f42ee5 : 2 : ittapi_config_apply_per_lib :  ITTAPI function instrumented: __itt_model_lock_acquire_2
36444 : 0x15d0bf66f44f7d : 2 : ittapi_config_apply_per_lib :  ITTAPI function instrumented: __itt_model_lock_release_2
36444 : 0x15d0bf66f45896 : 2 : ittapi_config_apply_per_lib :  ITTAPI function instrumented: __itt_model_aggregate_task
36444 : 0x15d0bf66f4616f : 2 : ittapi_config_apply_per_lib :  ITTAPI function instrumented: __itt_model_disable_push
36444 : 0x15d0bf66f46a4f : 2 : ittapi_config_apply_per_lib :  ITTAPI function instrumented: __itt_model_disable_pop
36444 : 0x15d0bf66f472a4 : 2 : ittapi_config_apply_per_lib :  ITTAPI function instrumented: __itt_heap_function_create
36444 : 0x15d0bf66f47b56 : 2 : ittapi_config_apply_per_lib :  ITTAPI function instrumented: __itt_heap_allocate_begin
36444 : 0x15d0bf66f4839c : 2 : ittapi_config_apply_per_lib :  ITTAPI function instrumented: __itt_heap_allocate_end
36444 : 0x15d0bf66f48c54 : 2 : ittapi_config_apply_per_lib :  ITTAPI function instrumented: __itt_heap_free_begin
36444 : 0x15d0bf66f49514 : 2 : ittapi_config_apply_per_lib :  ITTAPI function instrumented: __itt_heap_free_end
36444 : 0x15d0bf66f49d41 : 2 : ittapi_config_apply_per_lib :  ITTAPI function instrumented: __itt_heap_reallocate_begin
36444 : 0x15d0bf66f4bc6c : 2 : ittapi_config_apply_per_lib :  ITTAPI function instrumented: __itt_heap_reallocate_end
36444 : 0x15d0bf66f4c7d9 : 2 : ittapi_config_apply_per_lib :  ITTAPI function not implemented: __itt_heap_internal_access_begin
36444 : 0x15d0bf66f4d262 : 2 : ittapi_config_apply_per_lib :  ITTAPI function not implemented: __itt_heap_internal_access_end
36444 : 0x15d0bf66f4dd25 : 2 : ittapi_config_apply_per_lib :  ITTAPI function not implemented: __itt_heap_record_memory_growth_begin
36444 : 0x15d0bf66f4e7ec : 2 : ittapi_config_apply_per_lib :  ITTAPI function not implemented: __itt_heap_record_memory_growth_end
36444 : 0x15d0bf66f4f203 : 2 : ittapi_config_apply_per_lib :  ITTAPI function not implemented: __itt_heap_reset_detection
36444 : 0x15d0bf66f4fc64 : 2 : ittapi_config_apply_per_lib :  ITTAPI function not implemented: __itt_heap_record
36444 : 0x15d0bf66f50674 : 2 : ittapi_config_apply_per_lib :  ITTAPI function not implemented: __itt_id_create
36444 : 0x15d0bf66f510d3 : 2 : ittapi_config_apply_per_lib :  ITTAPI function not implemented: __itt_id_destroy
36444 : 0x15d0bf66f519d8 : 2 : ittapi_config_apply_per_lib :  ITTAPI function instrumented: __itt_get_timestamp
36444 : 0x15d0bf66f544d3 : 2 : ittapi_config_apply_per_lib :  ITTAPI function not implemented: __itt_region_begin
36444 : 0x15d0bf66f55013 : 2 : ittapi_config_apply_per_lib :  ITTAPI function not implemented: __itt_region_end
36444 : 0x15d0bf66f55922 : 2 : ittapi_config_apply_per_lib :  ITTAPI function instrumented: __itt_frame_begin_v3
36444 : 0x15d0bf66f561db : 2 : ittapi_config_apply_per_lib :  ITTAPI function instrumented: __itt_frame_end_v3
36444 : 0x15d0bf66f56aea : 2 : ittapi_config_apply_per_lib :  ITTAPI function instrumented: __itt_frame_submit_v3
36444 : 0x15d0bf66f5750a : 2 : ittapi_config_apply_per_lib :  ITTAPI function not implemented: __itt_task_group
36444 : 0x15d0bf66f57e05 : 2 : ittapi_config_apply_per_lib :  ITTAPI function instrumented: __itt_task_begin
36444 : 0x15d0bf66f58710 : 2 : ittapi_config_apply_per_lib :  ITTAPI function instrumented: __itt_task_begin_fn
36444 : 0x15d0bf66f58fce : 2 : ittapi_config_apply_per_lib :  ITTAPI function instrumented: __itt_task_end
36444 : 0x15d0bf66f59ac7 : 2 : ittapi_config_apply_per_lib :  ITTAPI function not implemented: __itt_counter_inc_v3
36444 : 0x15d0bf66f5bc4c : 2 : ittapi_config_apply_per_lib :  ITTAPI function not implemented: __itt_counter_inc_delta_v3
36444 : 0x15d0bf66f5c6ca : 2 : ittapi_config_apply_per_lib :  ITTAPI function not implemented: __itt_counter_dec_v3
36444 : 0x15d0bf66f5d163 : 2 : ittapi_config_apply_per_lib :  ITTAPI function not implemented: __itt_counter_dec_delta_v3
36444 : 0x15d0bf66f602cb : 2 : ittapi_config_apply_per_lib :  ITTAPI function not implemented: __itt_marker
36444 : 0x15d0bf66f60b7d : 2 : ittapi_config_apply_per_lib :  ITTAPI function instrumented: __itt_metadata_add
36444 : 0x15d0bf66f61548 : 2 : ittapi_config_apply_per_lib :  ITTAPI function not implemented: __itt_metadata_str_add
36444 : 0x15d0bf66f61ec6 : 2 : ittapi_config_apply_per_lib :  ITTAPI function not implemented: __itt_relation_add_to_current
36444 : 0x15d0bf66f62830 : 2 : ittapi_config_apply_per_lib :  ITTAPI function not implemented: __itt_relation_add
36444 : 0x15d0bf66f63069 : 2 : ittapi_config_apply_per_lib :  ITTAPI function instrumented: __itt_event_create
36444 : 0x15d0bf66f638de : 2 : ittapi_config_apply_per_lib :  ITTAPI function instrumented: __itt_event_start
36444 : 0x15d0bf66f656d2 : 2 : ittapi_config_apply_per_lib :  ITTAPI function instrumented: __itt_event_end
36444 : 0x15d0bf66f65e36 : 2 : ittapi_config_apply_per_lib :  ITTAPI function NOT instrumented (not matched by --itt-config option): __itt_sync_set_name

36444 : 0x15d0bf66f664cb : 2 : ittapi_config_apply_per_lib :  ITTAPI function NOT instrumented (not matched by --itt-config option): __itt_notify_sync_name

36444 : 0x15d0bf66f66b87 : 2 : ittapi_config_apply_per_lib :  ITTAPI function NOT instrumented (not matched by --itt-config option): __itt_notify_sync_prepare

36444 : 0x15d0bf66f699d4 : 2 : ittapi_config_apply_per_lib :  ITTAPI function NOT instrumented (not matched by --itt-config option): __itt_notify_sync_cancel

36444 : 0x15d0bf66f6a012 : 2 : ittapi_config_apply_per_lib :  ITTAPI function NOT instrumented (not matched by --itt-config option): __itt_notify_sync_acquired

36444 : 0x15d0bf66f6a621 : 2 : ittapi_config_apply_per_lib :  ITTAPI function NOT instrumented (not matched by --itt-config option): __itt_notify_sync_releasing

36444 : 0x15d0bf66f6aec3 : 2 : ittapi_config_apply_per_lib :  ITTAPI function not implemented: __itt_memory_read
36444 : 0x15d0bf66f6b7f5 : 2 : ittapi_config_apply_per_lib :  ITTAPI function not implemented: __itt_memory_write
36444 : 0x15d0bf66f6c0a1 : 2 : ittapi_config_apply_per_lib :  ITTAPI function not implemented: __itt_memory_update
36444 : 0x15d0bf66f6dfec : 2 : ittapi_config_apply_per_lib :  ITTAPI function not implemented: __itt_state_get
36444 : 0x15d0bf66f6e9e0 : 2 : ittapi_config_apply_per_lib :  ITTAPI function not implemented: __itt_state_set
36444 : 0x15d0bf66f6f27f : 2 : ittapi_config_apply_per_lib :  ITTAPI function not implemented: __itt_obj_mode_set
36444 : 0x15d0bf66f6fb2a : 2 : ittapi_config_apply_per_lib :  ITTAPI function not implemented: __itt_thr_mode_set
36444 : 0x15d0bf66f702b6 : 2 : ittapi_config_apply_per_lib :  ITTAPI function instrumented: __itt_frame_create
36444 : 0x15d0bf66f70aae : 2 : ittapi_config_apply_per_lib :  ITTAPI function instrumented: __itt_frame_begin
36444 : 0x15d0bf66f71331 : 2 : ittapi_config_apply_per_lib :  ITTAPI function instrumented: __itt_frame_end
36444 : 0x15d0bf66f71c5f : 2 : ittapi_config_apply_per_lib :  ITTAPI function not implemented: __itt_counter_destroy
36444 : 0x15d0bf66f7244f : 2 : ittapi_config_apply_per_lib :  ITTAPI function instrumented: __itt_counter_inc
36444 : 0x15d0bf66f72c88 : 2 : ittapi_config_apply_per_lib :  ITTAPI function instrumented: __itt_counter_inc_delta
36444 : 0x15d0bf66f7525d : 2 : ittapi_config_apply_per_lib :  ITTAPI function instrumented: __itt_counter_dec
36444 : 0x15d0bf66f75b8f : 2 : ittapi_config_apply_per_lib :  ITTAPI function instrumented: __itt_counter_dec_delta
36444 : 0x15d0bf66f76321 : 2 : ittapi_config_apply_per_lib :  ITTAPI function instrumented: __itt_counter_set_value
36444 : 0x15d0bf66f76c32 : 2 : ittapi_config_apply_per_lib :  ITTAPI function not implemented: __itt_counter_set_value_ex
36444 : 0x15d0bf66f7753c : 2 : ittapi_config_apply_per_lib :  ITTAPI function not implemented: __itt_mark_create
36444 : 0x15d0bf66f77e62 : 2 : ittapi_config_apply_per_lib :  ITTAPI function not implemented: __itt_mark
36444 : 0x15d0bf66f787ed : 2 : ittapi_config_apply_per_lib :  ITTAPI function not implemented: __itt_mark_off
36444 : 0x15d0bf66f7907b : 2 : ittapi_config_apply_per_lib :  ITTAPI function not implemented: __itt_mark_global
36444 : 0x15d0bf66f7994f : 2 : ittapi_config_apply_per_lib :  ITTAPI function not implemented: __itt_mark_global_off
36444 : 0x15d0bf66f7a1d5 : 2 : ittapi_config_apply_per_lib :  ITTAPI function instrumented: __itt_stack_caller_create
36444 : 0x15d0bf66f7bf02 : 2 : ittapi_config_apply_per_lib :  ITTAPI function instrumented: __itt_stack_caller_destroy
36444 : 0x15d0bf66f7c7ad : 2 : ittapi_config_apply_per_lib :  ITTAPI function instrumented: __itt_stack_callee_enter
36444 : 0x15d0bf66f7d024 : 2 : ittapi_config_apply_per_lib :  ITTAPI function instrumented: __itt_stack_callee_leave
36444 : 0x15d0bf66f7d97f : 2 : ittapi_config_apply_per_lib :  ITTAPI function not implemented: __itt_clock_domain_create
36444 : 0x15d0bf66f7e2d3 : 2 : ittapi_config_apply_per_lib :  ITTAPI function not implemented: __itt_clock_domain_reset
36444 : 0x15d0bf66f7eb81 : 2 : ittapi_config_apply_per_lib :  ITTAPI function not implemented: __itt_id_create_ex
36444 : 0x15d0bf66f7f40b : 2 : ittapi_config_apply_per_lib :  ITTAPI function not implemented: __itt_id_destroy_ex
36444 : 0x15d0bf66f7fcd2 : 2 : ittapi_config_apply_per_lib :  ITTAPI function not implemented: __itt_task_begin_ex
36444 : 0x15d0bf66f80643 : 2 : ittapi_config_apply_per_lib :  ITTAPI function not implemented: __itt_task_begin_fn_ex
36444 : 0x15d0bf66f80f02 : 2 : ittapi_config_apply_per_lib :  ITTAPI function not implemented: __itt_task_end_ex
36444 : 0x15d0bf66f82ad4 : 2 : ittapi_config_apply_per_lib :  ITTAPI function instrumented: __itt_task_begin_overlapped
36444 : 0x15d0bf66f834e8 : 2 : ittapi_config_apply_per_lib :  ITTAPI function not implemented: __itt_task_begin_overlapped_ex
36444 : 0x15d0bf66f83d5d : 2 : ittapi_config_apply_per_lib :  ITTAPI function instrumented: __itt_task_end_overlapped
36444 : 0x15d0bf66f84701 : 2 : ittapi_config_apply_per_lib :  ITTAPI function not implemented: __itt_task_end_overlapped_ex
36444 : 0x15d0bf66f84faf : 2 : ittapi_config_apply_per_lib :  ITTAPI function not implemented: __itt_marker_ex
36444 : 0x15d0bf66f8591f : 2 : ittapi_config_apply_per_lib :  ITTAPI function not implemented: __itt_metadata_add_with_scope
36444 : 0x15d0bf66f86243 : 2 : ittapi_config_apply_per_lib :  ITTAPI function not implemented: __itt_metadata_str_add_with_scope
36444 : 0x15d0bf66f86b63 : 2 : ittapi_config_apply_per_lib :  ITTAPI function not implemented: __itt_relation_add_to_current_ex
36444 : 0x15d0bf66f873f0 : 2 : ittapi_config_apply_per_lib :  ITTAPI function not implemented: __itt_relation_add_ex
36444 : 0x15d0bf66f87c83 : 2 : ittapi_config_apply_per_lib :  ITTAPI function not implemented: __itt_track_group_create
36444 : 0x15d0bf66f8a512 : 2 : ittapi_config_apply_per_lib :  ITTAPI function not implemented: __itt_track_create
36444 : 0x15d0bf66f8aeab : 2 : ittapi_config_apply_per_lib :  ITTAPI function not implemented: __itt_set_track
36444 : 0x15d0bf66f8b678 : 2 : ittapi_config_apply_per_lib :  ITTAPI function instrumented: __itt_api_version
36444 : 0x15d0bf66f8bf2b : 2 : ittapi_config_apply_per_lib :  ITTAPI function not implemented: __itt_av_save
36444 : 0x15d0bf66f8c717 : 2 : ittapi_config_apply_per_lib :  ITTAPI function instrumented: __itt_module_load
36444 : 0x15d0bf678ed870 : 2 : ittapi_config_mask_get :  --itt-config mask to be applied: 183
36444 : 0x15d0bf678eeab4 : 2 : ittapi_config_apply_per_lib :  ITTAPI function instrumented: __itt_domain_create
36444 : 0x15d0bf678ef322 : 2 : ittapi_config_apply_per_lib :  ITTAPI function instrumented: __itt_string_handle_create
36444 : 0x15d0bf678efc40 : 2 : ittapi_config_apply_per_lib :  ITTAPI function instrumented: __itt_pause
36444 : 0x15d0bf678f047d : 2 : ittapi_config_apply_per_lib :  ITTAPI function instrumented: __itt_resume
36444 : 0x15d0bf678f4730 : 2 : ittapi_config_apply_per_lib :  ITTAPI function instrumented: __itt_thread_set_name
36444 : 0x15d0bf678f505b : 2 : ittapi_config_apply_per_lib :  ITTAPI function instrumented: __itt_thread_ignore
36444 : 0x15d0bf678f5834 : 2 : ittapi_config_apply_per_lib :  ITTAPI function instrumented: __itt_thr_name_set
36444 : 0x15d0bf678f5fa6 : 2 : ittapi_config_apply_per_lib :  ITTAPI function instrumented: __itt_thr_ignore
36444 : 0x15d0bf678f6cc2 : 2 : ittapi_config_apply_per_lib :  ITTAPI function not implemented: __itt_enable_attach
36444 : 0x15d0bf678f7610 : 2 : ittapi_config_apply_per_lib :  ITTAPI function instrumented: __itt_detach
36444 : 0x15d0bf678f7c71 : 2 : ittapi_config_apply_per_lib :  ITTAPI function NOT instrumented (not matched by --itt-config option): __itt_sync_create

36444 : 0x15d0bf678f8365 : 2 : ittapi_config_apply_per_lib :  ITTAPI function NOT instrumented (not matched by --itt-config option): __itt_sync_rename

36444 : 0x15d0bf678f8951 : 2 : ittapi_config_apply_per_lib :  ITTAPI function NOT instrumented (not matched by --itt-config option): __itt_sync_destroy

36444 : 0x15d0bf678f8f8c : 2 : ittapi_config_apply_per_lib :  ITTAPI function NOT instrumented (not matched by --itt-config option): __itt_sync_prepare

36444 : 0x15d0bf678fac65 : 2 : ittapi_config_apply_per_lib :  ITTAPI function NOT instrumented (not matched by --itt-config option): __itt_sync_cancel

36444 : 0x15d0bf678fb332 : 2 : ittapi_config_apply_per_lib :  ITTAPI function NOT instrumented (not matched by --itt-config option): __itt_sync_acquired

36444 : 0x15d0bf678fb946 : 2 : ittapi_config_apply_per_lib :  ITTAPI function NOT instrumented (not matched by --itt-config option): __itt_sync_releasing

36444 : 0x15d0bf678fc38e : 2 : ittapi_config_apply_per_lib :  ITTAPI function not implemented: __itt_suppress_push
36444 : 0x15d0bf678fcde2 : 2 : ittapi_config_apply_per_lib :  ITTAPI function not implemented: __itt_suppress_pop
36444 : 0x15d0bf678fd719 : 2 : ittapi_config_apply_per_lib :  ITTAPI function not implemented: __itt_suppress_mark_range
36444 : 0x15d0bf678fe09a : 2 : ittapi_config_apply_per_lib :  ITTAPI function not implemented: __itt_suppress_clear_range
36444 : 0x15d0bf678fe70e : 2 : ittapi_config_apply_per_lib :  ITTAPI function NOT instrumented (not matched by --itt-config option): __itt_sync_prepare

36444 : 0x15d0bf678fed62 : 2 : ittapi_config_apply_per_lib :  ITTAPI function NOT instrumented (not matched by --itt-config option): __itt_sync_cancel

36444 : 0x15d0bf678ff361 : 2 : ittapi_config_apply_per_lib :  ITTAPI function NOT instrumented (not matched by --itt-config option): __itt_sync_acquired

36444 : 0x15d0bf67901d2a : 2 : ittapi_config_apply_per_lib :  ITTAPI function NOT instrumented (not matched by --itt-config option): __itt_sync_releasing

36444 : 0x15d0bf679027b7 : 2 : ittapi_config_apply_per_lib :  ITTAPI function instrumented: __itt_model_site_begin
36444 : 0x15d0bf67902fe3 : 2 : ittapi_config_apply_per_lib :  ITTAPI function instrumented: __itt_model_site_end
36444 : 0x15d0bf679037c0 : 2 : ittapi_config_apply_per_lib :  ITTAPI function instrumented: __itt_model_task_begin
36444 : 0x15d0bf67903f94 : 2 : ittapi_config_apply_per_lib :  ITTAPI function instrumented: __itt_model_task_end
36444 : 0x15d0bf67904757 : 2 : ittapi_config_apply_per_lib :  ITTAPI function instrumented: __itt_model_lock_acquire
36444 : 0x15d0bf67904f26 : 2 : ittapi_config_apply_per_lib :  ITTAPI function instrumented: __itt_model_lock_release
36444 : 0x15d0bf679058a5 : 2 : ittapi_config_apply_per_lib :  ITTAPI function not implemented: __itt_model_record_allocation
36444 : 0x15d0bf679061f1 : 2 : ittapi_config_apply_per_lib :  ITTAPI function not implemented: __itt_model_record_deallocation
36444 : 0x15d0bf67906b1b : 2 : ittapi_config_apply_per_lib :  ITTAPI function not implemented: __itt_model_induction_uses
36444 : 0x15d0bf679089e3 : 2 : ittapi_config_apply_per_lib :  ITTAPI function not implemented: __itt_model_reduction_uses
36444 : 0x15d0bf6790940c : 2 : ittapi_config_apply_per_lib :  ITTAPI function not implemented: __itt_model_observe_uses
36444 : 0x15d0bf67909d4d : 2 : ittapi_config_apply_per_lib :  ITTAPI function not implemented: __itt_model_clear_uses
36444 : 0x15d0bf6790a54d : 2 : ittapi_config_apply_per_lib :  ITTAPI function instrumented: __itt_model_site_beginA
36444 : 0x15d0bf6790ad67 : 2 : ittapi_config_apply_per_lib :  ITTAPI function instrumented: __itt_model_site_beginAL
36444 : 0x15d0bf6790b52c : 2 : ittapi_config_apply_per_lib :  ITTAPI function instrumented: __itt_model_task_beginA
36444 : 0x15d0bf6790bc92 : 2 : ittapi_config_apply_per_lib :  ITTAPI function instrumented: __itt_model_task_beginAL
36444 : 0x15d0bf6790c45f : 2 : ittapi_config_apply_per_lib :  ITTAPI function instrumented: __itt_model_iteration_taskA
36444 : 0x15d0bf6790cbfa : 2 : ittapi_config_apply_per_lib :  ITTAPI function instrumented: __itt_model_iteration_taskAL
36444 : 0x15d0bf6790d385 : 2 : ittapi_config_apply_per_lib :  ITTAPI function instrumented: __itt_model_site_end_2
36444 : 0x15d0bf6790eede : 2 : ittapi_config_apply_per_lib :  ITTAPI function instrumented: __itt_model_task_end_2
36444 : 0x15d0bf6790f717 : 2 : ittapi_config_apply_per_lib :  ITTAPI function instrumented: __itt_model_lock_acquire_2
36444 : 0x15d0bf6790ff2b : 2 : ittapi_config_apply_per_lib :  ITTAPI function instrumented: __itt_model_lock_release_2
36444 : 0x15d0bf679106a5 : 2 : ittapi_config_apply_per_lib :  ITTAPI function instrumented: __itt_model_aggregate_task
36444 : 0x15d0bf67910e16 : 2 : ittapi_config_apply_per_lib :  ITTAPI function instrumented: __itt_model_disable_push
36444 : 0x15d0bf67911586 : 2 : ittapi_config_apply_per_lib :  ITTAPI function instrumented: __itt_model_disable_pop
36444 : 0x15d0bf67911cf2 : 2 : ittapi_config_apply_per_lib :  ITTAPI function instrumented: __itt_heap_function_create
36444 : 0x15d0bf679124ad : 2 : ittapi_config_apply_per_lib :  ITTAPI function instrumented: __itt_heap_allocate_begin
36444 : 0x15d0bf67912c2a : 2 : ittapi_config_apply_per_lib :  ITTAPI function instrumented: __itt_heap_allocate_end
36444 : 0x15d0bf679133b2 : 2 : ittapi_config_apply_per_lib :  ITTAPI function instrumented: __itt_heap_free_begin
36444 : 0x15d0bf67914ec7 : 2 : ittapi_config_apply_per_lib :  ITTAPI function instrumented: __itt_heap_free_end
36444 : 0x15d0bf679156f5 : 2 : ittapi_config_apply_per_lib :  ITTAPI function instrumented: __itt_heap_reallocate_begin
36444 : 0x15d0bf67915e59 : 2 : ittapi_config_apply_per_lib :  ITTAPI function instrumented: __itt_heap_reallocate_end
36444 : 0x15d0bf6791676b : 2 : ittapi_config_apply_per_lib :  ITTAPI function not implemented: __itt_heap_internal_access_begin
36444 : 0x15d0bf679170b1 : 2 : ittapi_config_apply_per_lib :  ITTAPI function not implemented: __itt_heap_internal_access_end
36444 : 0x15d0bf67917989 : 2 : ittapi_config_apply_per_lib :  ITTAPI function not implemented: __itt_heap_record_memory_growth_begin
36444 : 0x15d0bf679182d4 : 2 : ittapi_config_apply_per_lib :  ITTAPI function not implemented: __itt_heap_record_memory_growth_end
36444 : 0x15d0bf67918bbd : 2 : ittapi_config_apply_per_lib :  ITTAPI function not implemented: __itt_heap_reset_detection
36444 : 0x15d0bf679194d2 : 2 : ittapi_config_apply_per_lib :  ITTAPI function not implemented: __itt_heap_record
36444 : 0x15d0bf67919d9d : 2 : ittapi_config_apply_per_lib :  ITTAPI function not implemented: __itt_id_create
36444 : 0x15d0bf6791c1c6 : 2 : ittapi_config_apply_per_lib :  ITTAPI function not implemented: __itt_id_destroy
36444 : 0x15d0bf6791ca30 : 2 : ittapi_config_apply_per_lib :  ITTAPI function instrumented: __itt_get_timestamp
36444 : 0x15d0bf6791d34c : 2 : ittapi_config_apply_per_lib :  ITTAPI function not implemented: __itt_region_begin
36444 : 0x15d0bf6791dc0f : 2 : ittapi_config_apply_per_lib :  ITTAPI function not implemented: __itt_region_end
36444 : 0x15d0bf6791e3e9 : 2 : ittapi_config_apply_per_lib :  ITTAPI function instrumented: __itt_frame_begin_v3
36444 : 0x15d0bf6791ebe9 : 2 : ittapi_config_apply_per_lib :  ITTAPI function instrumented: __itt_frame_end_v3
36444 : 0x15d0bf6791f3cc : 2 : ittapi_config_apply_per_lib :  ITTAPI function instrumented: __itt_frame_submit_v3
36444 : 0x15d0bf6791fc9b : 2 : ittapi_config_apply_per_lib :  ITTAPI function not implemented: __itt_task_group
36444 : 0x15d0bf6792047d : 2 : ittapi_config_apply_per_lib :  ITTAPI function instrumented: __itt_task_begin
36444 : 0x15d0bf67920c2c : 2 : ittapi_config_apply_per_lib :  ITTAPI function instrumented: __itt_task_begin_fn
36444 : 0x15d0bf679228ba : 2 : ittapi_config_apply_per_lib :  ITTAPI function instrumented: __itt_task_end
36444 : 0x15d0bf67923281 : 2 : ittapi_config_apply_per_lib :  ITTAPI function not implemented: __itt_counter_inc_v3
36444 : 0x15d0bf67923bdb : 2 : ittapi_config_apply_per_lib :  ITTAPI function not implemented: __itt_counter_inc_delta_v3
36444 : 0x15d0bf679244fa : 2 : ittapi_config_apply_per_lib :  ITTAPI function not implemented: __itt_marker
36444 : 0x15d0bf67924caa : 2 : ittapi_config_apply_per_lib :  ITTAPI function instrumented: __itt_metadata_add
36444 : 0x15d0bf679255a7 : 2 : ittapi_config_apply_per_lib :  ITTAPI function not implemented: __itt_metadata_str_add
36444 : 0x15d0bf67925e95 : 2 : ittapi_config_apply_per_lib :  ITTAPI function not implemented: __itt_relation_add_to_current
36444 : 0x15d0bf6792675d : 2 : ittapi_config_apply_per_lib :  ITTAPI function not implemented: __itt_relation_add
36444 : 0x15d0bf67926ef4 : 2 : ittapi_config_apply_per_lib :  ITTAPI function instrumented: __itt_event_create
36444 : 0x15d0bf679276a4 : 2 : ittapi_config_apply_per_lib :  ITTAPI function instrumented: __itt_event_start
36444 : 0x15d0bf679291fd : 2 : ittapi_config_apply_per_lib :  ITTAPI function instrumented: __itt_event_end
36444 : 0x15d0bf679298cf : 2 : ittapi_config_apply_per_lib :  ITTAPI function NOT instrumented (not matched by --itt-config option): __itt_sync_set_name

36444 : 0x15d0bf67929f0b : 2 : ittapi_config_apply_per_lib :  ITTAPI function NOT instrumented (not matched by --itt-config option): __itt_notify_sync_name

36444 : 0x15d0bf6792a570 : 2 : ittapi_config_apply_per_lib :  ITTAPI function NOT instrumented (not matched by --itt-config option): __itt_notify_sync_prepare

36444 : 0x15d0bf6792d638 : 2 : ittapi_config_apply_per_lib :  ITTAPI function NOT instrumented (not matched by --itt-config option): __itt_notify_sync_cancel

36444 : 0x15d0bf6792dcc5 : 2 : ittapi_config_apply_per_lib :  ITTAPI function NOT instrumented (not matched by --itt-config option): __itt_notify_sync_acquired

36444 : 0x15d0bf6792e331 : 2 : ittapi_config_apply_per_lib :  ITTAPI function NOT instrumented (not matched by --itt-config option): __itt_notify_sync_releasing

36444 : 0x15d0bf6792ec8c : 2 : ittapi_config_apply_per_lib :  ITTAPI function not implemented: __itt_memory_read
36444 : 0x15d0bf6792f66e : 2 : ittapi_config_apply_per_lib :  ITTAPI function not implemented: __itt_memory_write
36444 : 0x15d0bf6792ffde : 2 : ittapi_config_apply_per_lib :  ITTAPI function not implemented: __itt_memory_update
36444 : 0x15d0bf67932579 : 2 : ittapi_config_apply_per_lib :  ITTAPI function not implemented: __itt_state_get
36444 : 0x15d0bf67932f36 : 2 : ittapi_config_apply_per_lib :  ITTAPI function not implemented: __itt_state_set
36444 : 0x15d0bf679338b6 : 2 : ittapi_config_apply_per_lib :  ITTAPI function not implemented: __itt_obj_mode_set
36444 : 0x15d0bf679341d2 : 2 : ittapi_config_apply_per_lib :  ITTAPI function not implemented: __itt_thr_mode_set
36444 : 0x15d0bf679349a5 : 2 : ittapi_config_apply_per_lib :  ITTAPI function instrumented: __itt_frame_create
36444 : 0x15d0bf679351d5 : 2 : ittapi_config_apply_per_lib :  ITTAPI function instrumented: __itt_frame_begin
36444 : 0x15d0bf67935a06 : 2 : ittapi_config_apply_per_lib :  ITTAPI function instrumented: __itt_frame_end
36444 : 0x15d0bf679361f5 : 2 : ittapi_config_apply_per_lib :  ITTAPI function instrumented: __itt_counter_create
36444 : 0x15d0bf67936b5c : 2 : ittapi_config_apply_per_lib :  ITTAPI function not implemented: __itt_counter_destroy
36444 : 0x15d0bf679373a1 : 2 : ittapi_config_apply_per_lib :  ITTAPI function instrumented: __itt_counter_inc
36444 : 0x15d0bf6793923a : 2 : ittapi_config_apply_per_lib :  ITTAPI function instrumented: __itt_counter_inc_delta
36444 : 0x15d0bf67939c05 : 2 : ittapi_config_apply_per_lib :  ITTAPI function not implemented: __itt_mark_create
36444 : 0x15d0bf6793a518 : 2 : ittapi_config_apply_per_lib :  ITTAPI function not implemented: __itt_mark
36444 : 0x15d0bf6793aea5 : 2 : ittapi_config_apply_per_lib :  ITTAPI function not implemented: __itt_mark_off
36444 : 0x15d0bf6793b79c : 2 : ittapi_config_apply_per_lib :  ITTAPI function not implemented: __itt_mark_global
36444 : 0x15d0bf6793c0b6 : 2 : ittapi_config_apply_per_lib :  ITTAPI function not implemented: __itt_mark_global_off
36444 : 0x15d0bf6793c9aa : 2 : ittapi_config_apply_per_lib :  ITTAPI function instrumented: __itt_stack_caller_create
36444 : 0x15d0bf6793d225 : 2 : ittapi_config_apply_per_lib :  ITTAPI function instrumented: __itt_stack_caller_destroy
36444 : 0x15d0bf6793da58 : 2 : ittapi_config_apply_per_lib :  ITTAPI function instrumented: __itt_stack_callee_enter
36444 : 0x15d0bf6793e262 : 2 : ittapi_config_apply_per_lib :  ITTAPI function instrumented: __itt_stack_callee_leave
36444 : 0x15d0bf679400a7 : 2 : ittapi_config_apply_per_lib :  ITTAPI function not implemented: __itt_clock_domain_create
36444 : 0x15d0bf67940b17 : 2 : ittapi_config_apply_per_lib :  ITTAPI function not implemented: __itt_clock_domain_reset
36444 : 0x15d0bf679413ed : 2 : ittapi_config_apply_per_lib :  ITTAPI function not implemented: __itt_id_create_ex
36444 : 0x15d0bf67941d4b : 2 : ittapi_config_apply_per_lib :  ITTAPI function not implemented: __itt_id_destroy_ex
36444 : 0x15d0bf679426e9 : 2 : ittapi_config_apply_per_lib :  ITTAPI function not implemented: __itt_task_begin_ex
36444 : 0x15d0bf6794304f : 2 : ittapi_config_apply_per_lib :  ITTAPI function not implemented: __itt_task_begin_fn_ex
36444 : 0x15d0bf679439d8 : 2 : ittapi_config_apply_per_lib :  ITTAPI function not implemented: __itt_task_end_ex
36444 : 0x15d0bf67944264 : 2 : ittapi_config_apply_per_lib :  ITTAPI function instrumented: __itt_task_begin_overlapped
36444 : 0x15d0bf67944bf3 : 2 : ittapi_config_apply_per_lib :  ITTAPI function not implemented: __itt_task_begin_overlapped_ex
36444 : 0x15d0bf6794549a : 2 : ittapi_config_apply_per_lib :  ITTAPI function instrumented: __itt_task_end_overlapped
36444 : 0x15d0bf679472c0 : 2 : ittapi_config_apply_per_lib :  ITTAPI function not implemented: __itt_task_end_overlapped_ex
36444 : 0x15d0bf67947c9c : 2 : ittapi_config_apply_per_lib :  ITTAPI function not implemented: __itt_marker_ex
36444 : 0x15d0bf67948628 : 2 : ittapi_config_apply_per_lib :  ITTAPI function not implemented: __itt_metadata_add_with_scope
36444 : 0x15d0bf67948fd2 : 2 : ittapi_config_apply_per_lib :  ITTAPI function not implemented: __itt_metadata_str_add_with_scope
36444 : 0x15d0bf6794999d : 2 : ittapi_config_apply_per_lib :  ITTAPI function not implemented: __itt_relation_add_to_current_ex
36444 : 0x15d0bf6794a2c5 : 2 : ittapi_config_apply_per_lib :  ITTAPI function not implemented: __itt_relation_add_ex
36444 : 0x15d0bf6794ac19 : 2 : ittapi_config_apply_per_lib :  ITTAPI function not implemented: __itt_track_group_create
36444 : 0x15d0bf6794b536 : 2 : ittapi_config_apply_per_lib :  ITTAPI function not implemented: __itt_track_create
36444 : 0x15d0bf6794be15 : 2 : ittapi_config_apply_per_lib :  ITTAPI function not implemented: __itt_set_track
36444 : 0x15d0bf6794c5ff : 2 : ittapi_config_apply_per_lib :  ITTAPI function instrumented: __itt_api_version
36444 : 0x15d0bf6794eace : 2 : ittapi_config_apply_per_lib :  ITTAPI function not implemented: __itt_av_save