<?xml version="1.0" encoding="utf-8" ?>
<!-- DO NOT EDIT THIS FILE -->

<log version='2.0' source='trc'>
	<msg id='1' display='false' source='trc'>
		<type>PROCESS_START</type>
		<severity>INFO</severity>
		<timestamp>Fri Oct 29 14:25:04 2021</timestamp>
		<arg name='process'>/home/debu7497/HPSC/codes/solvers_nonLinear/src/solvers</arg>
		<arg name='pid'>28645</arg>
	</msg>
	<!-- Instrumentation filter's state:
    Patterns applicability:
        Generic loop pattern.....................: enabled
        Generic loop pattern (with dynamic jumps): enabled
        Known trip value loop pattern............: enabled
        Runtime final value loop pattern.........: enabled
        No initial IV loop pattern...............: enabled
        IV step only loop pattern................: enabled
        No entry loop pattern....................: enabled
    Clustered memory model (CMM) applicability:
        Generic loop pattern.....................: enabled
        Generic loop pattern (with dynamic jumps): enabled
        Known trip value loop pattern............: enabled
        Runtime final value loop pattern.........: enabled
        No initial IV loop pattern...............: enabled
        IV step only loop pattern................: enabled
        No entry loop pattern....................: disabled
 -->
	<!-- Callstack mode:
    filter modules.........: true
    filter routines........: true
    count loops............: false
    count flops............: false
    trace..................: false
    extended trace.........: false
    omp trace..............: false
    jit trace..............: false
    failures trace.........: false
    dump raw...............: false
    dump final.............: false
    dump all...............: false
    stack stitching........: true
    stl profiling..........: true
    aggressive frame switch: true
    unwind frame exit......: true
    analyze child loops....: true
 -->
	<!-- Gpu Profiling: -->
	<!-- 	State: disabled -->
	<!-- Managed application profiling: -->
	<!-- 	State...................: enabled -->
	<msg id='2' display='false' source='trc'>
		<type>PROCESS_ANALYSIS_MODE</type>
		<severity>INFO</severity>
		<timestamp>Fri Oct 29 14:25:04 2021</timestamp>
		<arg name='mode'>full</arg>
	</msg>
	<msg id='3' display='false' source='trc'>
		<type>LOAD_MODULE</type>
		<severity>INFO</severity>
		<timestamp>Fri Oct 29 14:25:04 2021</timestamp>
		<arg name='module'>/home/debu7497/HPSC/codes/solvers_nonLinear/src/solvers</arg>
		<arg name='basement'>0x400000</arg>
		<arg name='ceiling'>0x61db77</arg>
		<arg name='symtab'>yes</arg>
	</msg>
	<!-- Instrumentation of /home/debu7497/HPSC/codes/solvers_nonLinear/src/solvers image skipped because of filter conditions [cs-mode]. -->
	<msg id='4' display='false' source='trc'>
		<type>LOAD_MODULE</type>
		<severity>INFO</severity>
		<timestamp>Fri Oct 29 14:25:04 2021</timestamp>
		<arg name='module'>/lib64/ld-linux-x86-64.so.2</arg>
		<arg name='basement'>0x2b8073998000</arg>
		<arg name='ceiling'>0x2b8073bbb14f</arg>
		<arg name='symtab'>yes</arg>
	</msg>
	<!-- Instrumentation of /lib64/ld-linux-x86-64.so.2 image skipped because of filter conditions [cs-mode]. -->
	<msg id='5' display='false' source='trc'>
		<type>LOAD_MODULE</type>
		<severity>INFO</severity>
		<timestamp>Fri Oct 29 14:25:04 2021</timestamp>
		<arg name='module'>[vdso]</arg>
		<arg name='basement'>0x7fff9b7f6000</arg>
		<arg name='ceiling'>0x7fff9b7f6e6c</arg>
		<arg name='symtab'>no</arg>
	</msg>
	<!-- Instrumentation of [vdso] image skipped because of filter conditions [cs-mode]. -->
	<msg id='6' display='false' source='trc'>
		<type>LOAD_MODULE</type>
		<severity>INFO</severity>
		<timestamp>Fri Oct 29 14:25:04 2021</timestamp>
		<arg name='module'>/lib64/libdl.so.2</arg>
		<arg name='basement'>0x2b8089296000</arg>
		<arg name='ceiling'>0x2b808949912f</arg>
		<arg name='symtab'>yes</arg>
	</msg>
	<!-- Instrumentation of /lib64/libdl.so.2 image skipped because of filter conditions [cs-mode]. -->
	<msg id='7' display='false' source='trc'>
		<type>LOAD_MODULE</type>
		<severity>INFO</severity>
		<timestamp>Fri Oct 29 14:25:04 2021</timestamp>
		<arg name='module'>/curc/sw/python/3.6.5/lib/libmpifort.so.12</arg>
		<arg name='basement'>0x2b80894b7000</arg>
		<arg name='ceiling'>0x2b8089862ab7</arg>
		<arg name='symtab'>yes</arg>
	</msg>
	<!-- Instrumentation of /curc/sw/python/3.6.5/lib/libmpifort.so.12 image skipped because of filter conditions [cs-mode]. -->
	<msg id='8' display='false' source='trc'>
		<type>LOAD_MODULE</type>
		<severity>INFO</severity>
		<timestamp>Fri Oct 29 14:25:04 2021</timestamp>
		<arg name='module'>/curc/sw/python/3.6.5/lib/libmpi.so.12</arg>
		<arg name='basement'>0x2b808989d000</arg>
		<arg name='ceiling'>0x2b808b0bbf57</arg>
		<arg name='symtab'>yes</arg>
	</msg>
	<!-- Instrumentation of /curc/sw/python/3.6.5/lib/libmpi.so.12 image skipped because of filter conditions [cs-mode]. -->
	<msg id='9' display='false' source='trc'>
		<type>LOAD_MODULE</type>
		<severity>INFO</severity>
		<timestamp>Fri Oct 29 14:25:04 2021</timestamp>
		<arg name='module'>/lib64/librt.so.1</arg>
		<arg name='basement'>0x2b808b0bc000</arg>
		<arg name='ceiling'>0x2b808b2c3c37</arg>
		<arg name='symtab'>yes</arg>
	</msg>
	<!-- Instrumentation of /lib64/librt.so.1 image skipped because of filter conditions [cs-mode]. -->
	<msg id='10' display='false' source='trc'>
		<type>LOAD_MODULE</type>
		<severity>INFO</severity>
		<timestamp>Fri Oct 29 14:25:04 2021</timestamp>
		<arg name='module'>/lib64/libpthread.so.0</arg>
		<arg name='basement'>0x2b808b2c4000</arg>
		<arg name='ceiling'>0x2b808b4df487</arg>
		<arg name='symtab'>yes</arg>
	</msg>
	<!-- Instrumentation of /lib64/libpthread.so.0 image skipped because of filter conditions [cs-mode]. -->
	<msg id='11' display='false' source='trc'>
		<type>LOAD_MODULE</type>
		<severity>INFO</severity>
		<timestamp>Fri Oct 29 14:25:04 2021</timestamp>
		<arg name='module'>/curc/sw/gcc/5.4.0/lib64/libstdc++.so.6</arg>
		<arg name='basement'>0x2b808b4e0000</arg>
		<arg name='ceiling'>0x2b808b85a4bf</arg>
		<arg name='symtab'>yes</arg>
	</msg>
	<!-- Instrumentation of /curc/sw/gcc/5.4.0/lib64/libstdc++.so.6 image skipped because of filter conditions [cs-mode]. -->
	<msg id='12' display='false' source='trc'>
		<type>LOAD_MODULE</type>
		<severity>INFO</severity>
		<timestamp>Fri Oct 29 14:25:04 2021</timestamp>
		<arg name='module'>/lib64/libm.so.6</arg>
		<arg name='basement'>0x2b808b85b000</arg>
		<arg name='ceiling'>0x2b808bb5c137</arg>
		<arg name='symtab'>yes</arg>
	</msg>
	<!-- Instrumentation of /lib64/libm.so.6 image skipped because of filter conditions [cs-mode]. -->
	<msg id='13' display='false' source='trc'>
		<type>LOAD_MODULE</type>
		<severity>INFO</severity>
		<timestamp>Fri Oct 29 14:25:04 2021</timestamp>
		<arg name='module'>/curc/sw/python/3.6.5/lib/libiomp5.so</arg>
		<arg name='basement'>0x2b808bb5d000</arg>
		<arg name='ceiling'>0x2b808bf3f6bf</arg>
		<arg name='symtab'>yes</arg>
	</msg>
	<!-- Instrumentation of /curc/sw/python/3.6.5/lib/libiomp5.so image skipped because of filter conditions [cs-mode]. -->
	<msg id='14' display='false' source='trc'>
		<type>LOAD_MODULE</type>
		<severity>INFO</severity>
		<timestamp>Fri Oct 29 14:25:04 2021</timestamp>
		<arg name='module'>/curc/sw/gcc/5.4.0/lib64/libgcc_s.so.1</arg>
		<arg name='basement'>0x2b808bf40000</arg>
		<arg name='ceiling'>0x2b808c15643f</arg>
		<arg name='symtab'>yes</arg>
	</msg>
	<!-- Instrumentation of /curc/sw/gcc/5.4.0/lib64/libgcc_s.so.1 image skipped because of filter conditions [cs-mode]. -->
	<msg id='15' display='false' source='trc'>
		<type>LOAD_MODULE</type>
		<severity>INFO</severity>
		<timestamp>Fri Oct 29 14:25:04 2021</timestamp>
		<arg name='module'>/lib64/libc.so.6</arg>
		<arg name='basement'>0x2b808c157000</arg>
		<arg name='ceiling'>0x2b808c5191bf</arg>
		<arg name='symtab'>yes</arg>
	</msg>
	<!-- Instrumentation of /lib64/libc.so.6 image skipped because of filter conditions [cs-mode]. -->
	<msg id='16' display='false' source='trc'>
		<type>LOAD_MODULE</type>
		<severity>INFO</severity>
		<timestamp>Fri Oct 29 14:25:04 2021</timestamp>
		<arg name='module'>/lib64/libfabric.so.1</arg>
		<arg name='basement'>0x2b808c534000</arg>
		<arg name='ceiling'>0x2b808c86c837</arg>
		<arg name='symtab'>yes</arg>
	</msg>
	<!-- Instrumentation of /lib64/libfabric.so.1 image skipped because of filter conditions [cs-mode]. -->
	<msg id='17' display='false' source='trc'>
		<type>LOAD_MODULE</type>
		<severity>INFO</severity>
		<timestamp>Fri Oct 29 14:25:04 2021</timestamp>
		<arg name='module'>/lib64/librdmacm.so.1</arg>
		<arg name='basement'>0x2b808c86d000</arg>
		<arg name='ceiling'>0x2b808ca83247</arg>
		<arg name='symtab'>no</arg>
	</msg>
	<!-- Instrumentation of /lib64/librdmacm.so.1 image skipped because of filter conditions [cs-mode]. -->
	<msg id='18' display='false' source='trc'>
		<type>LOAD_MODULE</type>
		<severity>INFO</severity>
		<timestamp>Fri Oct 29 14:25:04 2021</timestamp>
		<arg name='module'>/lib64/libibverbs.so.1</arg>
		<arg name='basement'>0x2b808ca8e000</arg>
		<arg name='ceiling'>0x2b808cca462f</arg>
		<arg name='symtab'>no</arg>
	</msg>
	<!-- Instrumentation of /lib64/libibverbs.so.1 image skipped because of filter conditions [cs-mode]. -->
	<msg id='19' display='false' source='trc'>
		<type>LOAD_MODULE</type>
		<severity>INFO</severity>
		<timestamp>Fri Oct 29 14:25:04 2021</timestamp>
		<arg name='module'>/lib64/libnl-route-3.so.200</arg>
		<arg name='basement'>0x2b808cca5000</arg>
		<arg name='ceiling'>0x2b808cf1159f</arg>
		<arg name='symtab'>no</arg>
	</msg>
	<!-- Instrumentation of /lib64/libnl-route-3.so.200 image skipped because of filter conditions [cs-mode]. -->
	<msg id='20' display='false' source='trc'>
		<type>LOAD_MODULE</type>
		<severity>INFO</severity>
		<timestamp>Fri Oct 29 14:25:04 2021</timestamp>
		<arg name='module'>/lib64/libpsm_infinipath.so.1</arg>
		<arg name='basement'>0x2b808cf12000</arg>
		<arg name='ceiling'>0x2b808d167d77</arg>
		<arg name='symtab'>no</arg>
	</msg>
	<!-- Instrumentation of /lib64/libpsm_infinipath.so.1 image skipped because of filter conditions [cs-mode]. -->
	<msg id='21' display='false' source='trc'>
		<type>LOAD_MODULE</type>
		<severity>INFO</severity>
		<timestamp>Fri Oct 29 14:25:04 2021</timestamp>
		<arg name='module'>/lib64/libpsm2.so.2</arg>
		<arg name='basement'>0x2b808d168000</arg>
		<arg name='ceiling'>0x2b808d3fb2cf</arg>
		<arg name='symtab'>no</arg>
	</msg>
	<!-- Instrumentation of /lib64/libpsm2.so.2 image skipped because of filter conditions [cs-mode]. -->
	<msg id='22' display='false' source='trc'>
		<type>LOAD_MODULE</type>
		<severity>INFO</severity>
		<timestamp>Fri Oct 29 14:25:04 2021</timestamp>
		<arg name='module'>/lib64/libnl-3.so.200</arg>
		<arg name='basement'>0x2b808d3fc000</arg>
		<arg name='ceiling'>0x2b808d61c8c7</arg>
		<arg name='symtab'>no</arg>
	</msg>
	<!-- Instrumentation of /lib64/libnl-3.so.200 image skipped because of filter conditions [cs-mode]. -->
	<msg id='23' display='false' source='trc'>
		<type>LOAD_MODULE</type>
		<severity>INFO</severity>
		<timestamp>Fri Oct 29 14:25:04 2021</timestamp>
		<arg name='module'>/lib64/libinfinipath.so.4</arg>
		<arg name='basement'>0x2b808d61d000</arg>
		<arg name='ceiling'>0x2b808d82be7f</arg>
		<arg name='symtab'>no</arg>
	</msg>
	<!-- Instrumentation of /lib64/libinfinipath.so.4 image skipped because of filter conditions [cs-mode]. -->
	<msg id='24' display='false' source='trc'>
		<type>LOAD_MODULE</type>
		<severity>INFO</severity>
		<timestamp>Fri Oct 29 14:25:04 2021</timestamp>
		<arg name='module'>/lib64/libuuid.so.1</arg>
		<arg name='basement'>0x2b808d82c000</arg>
		<arg name='ceiling'>0x2b808da3017f</arg>
		<arg name='symtab'>no</arg>
	</msg>
	<!-- Instrumentation of /lib64/libuuid.so.1 image skipped because of filter conditions [cs-mode]. -->
	<msg id='25' display='false' source='trc'>
		<type>LOAD_MODULE</type>
		<severity>INFO</severity>
		<timestamp>Fri Oct 29 14:25:04 2021</timestamp>
		<arg name='module'>/lib64/libnuma.so.1</arg>
		<arg name='basement'>0x2b808da31000</arg>
		<arg name='ceiling'>0x2b808dc3c8e7</arg>
		<arg name='symtab'>no</arg>
	</msg>
	<!-- Instrumentation of /lib64/libnuma.so.1 image skipped because of filter conditions [cs-mode]. -->
	<msg id='26' display='false' source='trc'>
		<type>LOAD_MODULE</type>
		<severity>INFO</severity>
		<timestamp>Fri Oct 29 14:25:07 2021</timestamp>
		<arg name='module'>/usr/lib64/libfabric/libverbs-fi.so</arg>
		<arg name='basement'>0x2b8091dee000</arg>
		<arg name='ceiling'>0x2b80920592cf</arg>
		<arg name='symtab'>yes</arg>
	</msg>
	<!-- Instrumentation of /usr/lib64/libfabric/libverbs-fi.so image skipped because of filter conditions [cs-mode]. -->
	<msg id='27' display='false' source='trc'>
		<type>LOAD_MODULE</type>
		<severity>INFO</severity>
		<timestamp>Fri Oct 29 14:25:07 2021</timestamp>
		<arg name='module'>/usr/lib64/libibverbs/libvmw_pvrdma-rdmav17.so</arg>
		<arg name='basement'>0x2b8092b3e000</arg>
		<arg name='ceiling'>0x2b8092d4315f</arg>
		<arg name='symtab'>no</arg>
	</msg>
	<!-- Instrumentation of /usr/lib64/libibverbs/libvmw_pvrdma-rdmav17.so image skipped because of filter conditions [cs-mode]. -->
	<msg id='28' display='false' source='trc'>
		<type>LOAD_MODULE</type>
		<severity>INFO</severity>
		<timestamp>Fri Oct 29 14:25:07 2021</timestamp>
		<arg name='module'>/usr/lib64/libibverbs/libhns-rdmav17.so</arg>
		<arg name='basement'>0x2b8093102000</arg>
		<arg name='ceiling'>0x2b80933091df</arg>
		<arg name='symtab'>no</arg>
	</msg>
	<!-- Instrumentation of /usr/lib64/libibverbs/libhns-rdmav17.so image skipped because of filter conditions [cs-mode]. -->
	<msg id='29' display='false' source='trc'>
		<type>LOAD_MODULE</type>
		<severity>INFO</severity>
		<timestamp>Fri Oct 29 14:25:07 2021</timestamp>
		<arg name='module'>/usr/lib64/libibverbs/libbnxt_re-rdmav17.so</arg>
		<arg name='basement'>0x2b809330a000</arg>
		<arg name='ceiling'>0x2b809350f14f</arg>
		<arg name='symtab'>no</arg>
	</msg>
	<!-- Instrumentation of /usr/lib64/libibverbs/libbnxt_re-rdmav17.so image skipped because of filter conditions [cs-mode]. -->
	<msg id='30' display='false' source='trc'>
		<type>LOAD_MODULE</type>
		<severity>INFO</severity>
		<timestamp>Fri Oct 29 14:25:07 2021</timestamp>
		<arg name='module'>/usr/lib64/libibverbs/librxe-rdmav17.so</arg>
		<arg name='basement'>0x2b8093510000</arg>
		<arg name='ceiling'>0x2b809371415f</arg>
		<arg name='symtab'>no</arg>
	</msg>
	<!-- Instrumentation of /usr/lib64/libibverbs/librxe-rdmav17.so image skipped because of filter conditions [cs-mode]. -->
	<msg id='31' display='false' source='trc'>
		<type>LOAD_MODULE</type>
		<severity>INFO</severity>
		<timestamp>Fri Oct 29 14:25:07 2021</timestamp>
		<arg name='module'>/usr/lib64/libibverbs/libqedr-rdmav17.so</arg>
		<arg name='basement'>0x2b8093715000</arg>
		<arg name='ceiling'>0x2b809391d16f</arg>
		<arg name='symtab'>no</arg>
	</msg>
	<!-- Instrumentation of /usr/lib64/libibverbs/libqedr-rdmav17.so image skipped because of filter conditions [cs-mode]. -->
	<msg id='32' display='false' source='trc'>
		<type>LOAD_MODULE</type>
		<severity>INFO</severity>
		<timestamp>Fri Oct 29 14:25:07 2021</timestamp>
		<arg name='module'>/usr/lib64/libibverbs/libocrdma-rdmav17.so</arg>
		<arg name='basement'>0x2b809391e000</arg>
		<arg name='ceiling'>0x2b8093b2416f</arg>
		<arg name='symtab'>no</arg>
	</msg>
	<!-- Instrumentation of /usr/lib64/libibverbs/libocrdma-rdmav17.so image skipped because of filter conditions [cs-mode]. -->
	<msg id='33' display='false' source='trc'>
		<type>LOAD_MODULE</type>
		<severity>INFO</severity>
		<timestamp>Fri Oct 29 14:25:07 2021</timestamp>
		<arg name='module'>/usr/lib64/libibverbs/libnes-rdmav17.so</arg>
		<arg name='basement'>0x2b8093b25000</arg>
		<arg name='ceiling'>0x2b8093d2b157</arg>
		<arg name='symtab'>no</arg>
	</msg>
	<!-- Instrumentation of /usr/lib64/libibverbs/libnes-rdmav17.so image skipped because of filter conditions [cs-mode]. -->
	<msg id='34' display='false' source='trc'>
		<type>LOAD_MODULE</type>
		<severity>INFO</severity>
		<timestamp>Fri Oct 29 14:25:07 2021</timestamp>
		<arg name='module'>/usr/lib64/libibverbs/libmthca-rdmav17.so</arg>
		<arg name='basement'>0x2b8093d2c000</arg>
		<arg name='ceiling'>0x2b8093f3416f</arg>
		<arg name='symtab'>no</arg>
	</msg>
	<!-- Instrumentation of /usr/lib64/libibverbs/libmthca-rdmav17.so image skipped because of filter conditions [cs-mode]. -->
	<msg id='35' display='false' source='trc'>
		<type>LOAD_MODULE</type>
		<severity>INFO</severity>
		<timestamp>Fri Oct 29 14:25:07 2021</timestamp>
		<arg name='module'>/usr/lib64/libibverbs/libmlx5-rdmav17.so</arg>
		<arg name='basement'>0x2b8093f35000</arg>
		<arg name='ceiling'>0x2b809415733f</arg>
		<arg name='symtab'>no</arg>
	</msg>
	<!-- Instrumentation of /usr/lib64/libibverbs/libmlx5-rdmav17.so image skipped because of filter conditions [cs-mode]. -->
	<msg id='36' display='false' source='trc'>
		<type>LOAD_MODULE</type>
		<severity>INFO</severity>
		<timestamp>Fri Oct 29 14:25:07 2021</timestamp>
		<arg name='module'>/usr/lib64/libibverbs/libmlx4-rdmav17.so</arg>
		<arg name='basement'>0x2b8094158000</arg>
		<arg name='ceiling'>0x2b809436322f</arg>
		<arg name='symtab'>no</arg>
	</msg>
	<!-- Instrumentation of /usr/lib64/libibverbs/libmlx4-rdmav17.so image skipped because of filter conditions [cs-mode]. -->
	<msg id='37' display='false' source='trc'>
		<type>LOAD_MODULE</type>
		<severity>INFO</severity>
		<timestamp>Fri Oct 29 14:25:07 2021</timestamp>
		<arg name='module'>/usr/lib64/libibverbs/libipathverbs-rdmav17.so</arg>
		<arg name='basement'>0x2b8094364000</arg>
		<arg name='ceiling'>0x2b809456813f</arg>
		<arg name='symtab'>no</arg>
	</msg>
	<!-- Instrumentation of /usr/lib64/libibverbs/libipathverbs-rdmav17.so image skipped because of filter conditions [cs-mode]. -->
	<msg id='38' display='false' source='trc'>
		<type>LOAD_MODULE</type>
		<severity>INFO</severity>
		<timestamp>Fri Oct 29 14:25:07 2021</timestamp>
		<arg name='module'>/usr/lib64/libibverbs/libi40iw-rdmav17.so</arg>
		<arg name='basement'>0x2b8094569000</arg>
		<arg name='ceiling'>0x2b8094770127</arg>
		<arg name='symtab'>no</arg>
	</msg>
	<!-- Instrumentation of /usr/lib64/libibverbs/libi40iw-rdmav17.so image skipped because of filter conditions [cs-mode]. -->
	<msg id='39' display='false' source='trc'>
		<type>LOAD_MODULE</type>
		<severity>INFO</severity>
		<timestamp>Fri Oct 29 14:25:07 2021</timestamp>
		<arg name='module'>/usr/lib64/libibverbs/libhfi1verbs-rdmav17.so</arg>
		<arg name='basement'>0x2b8094771000</arg>
		<arg name='ceiling'>0x2b809497513f</arg>
		<arg name='symtab'>no</arg>
	</msg>
	<!-- Instrumentation of /usr/lib64/libibverbs/libhfi1verbs-rdmav17.so image skipped because of filter conditions [cs-mode]. -->
	<msg id='40' display='false' source='trc'>
		<type>LOAD_MODULE</type>
		<severity>INFO</severity>
		<timestamp>Fri Oct 29 14:25:07 2021</timestamp>
		<arg name='module'>/usr/lib64/libibverbs/libcxgb4-rdmav17.so</arg>
		<arg name='basement'>0x2b8094976000</arg>
		<arg name='ceiling'>0x2b8094b7e1a7</arg>
		<arg name='symtab'>no</arg>
	</msg>
	<!-- Instrumentation of /usr/lib64/libibverbs/libcxgb4-rdmav17.so image skipped because of filter conditions [cs-mode]. -->
	<msg id='41' display='false' source='trc'>
		<type>LOAD_MODULE</type>
		<severity>INFO</severity>
		<timestamp>Fri Oct 29 14:25:07 2021</timestamp>
		<arg name='module'>/usr/lib64/libibverbs/libcxgb3-rdmav17.so</arg>
		<arg name='basement'>0x2b8094b7f000</arg>
		<arg name='ceiling'>0x2b8094d84167</arg>
		<arg name='symtab'>no</arg>
	</msg>
	<!-- Instrumentation of /usr/lib64/libibverbs/libcxgb3-rdmav17.so image skipped because of filter conditions [cs-mode]. -->
	<msg id='42' display='false' source='trc'>
		<type>LOAD_MODULE</type>
		<severity>INFO</severity>
		<timestamp>Fri Oct 29 14:25:07 2021</timestamp>
		<arg name='module'>/usr/lib64/libfabric/libpsmx2-fi.so</arg>
		<arg name='basement'>0x2b8094d85000</arg>
		<arg name='ceiling'>0x2b8094fe2ca7</arg>
		<arg name='symtab'>yes</arg>
	</msg>
	<!-- Instrumentation of /usr/lib64/libfabric/libpsmx2-fi.so image skipped because of filter conditions [cs-mode]. -->
	<msg id='43' display='false' source='trc'>
		<type>LOAD_MODULE</type>
		<severity>INFO</severity>
		<timestamp>Fri Oct 29 14:25:07 2021</timestamp>
		<arg name='module'>/usr/lib64/libfabric/libpsmx-fi.so</arg>
		<arg name='basement'>0x2b8094fe3000</arg>
		<arg name='ceiling'>0x2b8095230adf</arg>
		<arg name='symtab'>yes</arg>
	</msg>
	<!-- Instrumentation of /usr/lib64/libfabric/libpsmx-fi.so image skipped because of filter conditions [cs-mode]. -->
	<msg id='44' display='false' source='trc'>
		<type>LOAD_MODULE</type>
		<severity>INFO</severity>
		<timestamp>Fri Oct 29 14:25:08 2021</timestamp>
		<arg name='module'>/lib64/libnss_files.so.2</arg>
		<arg name='basement'>0x2b809592d000</arg>
		<arg name='ceiling'>0x2b8095b3f877</arg>
		<arg name='symtab'>yes</arg>
	</msg>
	<!-- Instrumentation of /lib64/libnss_files.so.2 image skipped because of filter conditions [cs-mode]. -->
</log>
	<msg id='45' display='false' source='trc'>
		<type>LOAD_MODULE</type>
		<severity>INFO</severity>
		<timestamp>Fri Oct 29 14:25:12 2021</timestamp>
		<arg name='module'>/projects/scru5660/public/software/install/advisor_2020.2.0.606470/lib64/runtime/libittnotify.so</arg>
		<arg name='basement'>0x2b8099b6e000</arg>
		<arg name='ceiling'>0x2b8099d7a65f</arg>
		<arg name='symtab'>no</arg>
	</msg>
	<!-- __itt_pause was instrumented -->
	<!-- __itt_resume was instrumented -->
	<!-- __itt_metadata_add was instrumented -->
	<!-- Instrumentation of /projects/scru5660/public/software/install/advisor_2020.2.0.606470/lib64/runtime/libittnotify.so image skipped because of filter conditions [cs-mode]. -->
	<msg id='46' display='false' source='trc'>
		<type>LOAD_MODULE</type>
		<severity>INFO</severity>
		<timestamp>Fri Oct 29 14:25:12 2021</timestamp>
		<arg name='module'>/curc/sw/python/3.6.5/lib/libtbbmalloc.so.2</arg>
		<arg name='basement'>0x2b8099e63000</arg>
		<arg name='ceiling'>0x2b809a0b60bf</arg>
		<arg name='symtab'>yes</arg>
	</msg>
	<!-- Instrumentation of /curc/sw/python/3.6.5/lib/libtbbmalloc.so.2 image skipped because of filter conditions [cs-mode]. -->
	<msg id='47' display='false' source='trc'>
		<type>UNLOAD_MODULE</type>
		<severity>INFO</severity>
		<timestamp>Fri Oct 29 14:25:13 2021</timestamp>
		<arg name='module'>/usr/lib64/libfabric/libpsmx2-fi.so</arg>
	</msg>
	<msg id='48' display='false' source='trc'>
		<type>UNLOAD_MODULE</type>
		<severity>INFO</severity>
		<timestamp>Fri Oct 29 14:25:13 2021</timestamp>
		<arg name='module'>/usr/lib64/libfabric/libpsmx-fi.so</arg>
	</msg>
	<msg id='49' display='false' source='trc'>
		<type>UNLOAD_MODULE</type>
		<severity>INFO</severity>
		<timestamp>Fri Oct 29 14:25:13 2021</timestamp>
		<arg name='module'>/usr/lib64/libfabric/libverbs-fi.so</arg>
	</msg>
	<msg id='50' display='false' source='trc'>
		<type>UNLOAD_MODULE</type>
		<severity>INFO</severity>
		<timestamp>Fri Oct 29 14:25:14 2021</timestamp>
		<arg name='module'>/home/debu7497/HPSC/codes/solvers_nonLinear/src/solvers</arg>
	</msg>
	<msg id='51' display='false' source='trc'>
		<type>UNLOAD_MODULE</type>
		<severity>INFO</severity>
		<timestamp>Fri Oct 29 14:25:14 2021</timestamp>
		<arg name='module'>/lib64/ld-linux-x86-64.so.2</arg>
	</msg>
	<msg id='52' display='false' source='trc'>
		<type>UNLOAD_MODULE</type>
		<severity>INFO</severity>
		<timestamp>Fri Oct 29 14:25:14 2021</timestamp>
		<arg name='module'>[vdso]</arg>
	</msg>
	<msg id='53' display='false' source='trc'>
		<type>UNLOAD_MODULE</type>
		<severity>INFO</severity>
		<timestamp>Fri Oct 29 14:25:14 2021</timestamp>
		<arg name='module'>/lib64/libdl.so.2</arg>
	</msg>
	<msg id='54' display='false' source='trc'>
		<type>UNLOAD_MODULE</type>
		<severity>INFO</severity>
		<timestamp>Fri Oct 29 14:25:14 2021</timestamp>
		<arg name='module'>/curc/sw/python/3.6.5/lib/libmpifort.so.12</arg>
	</msg>
	<msg id='55' display='false' source='trc'>
		<type>UNLOAD_MODULE</type>
		<severity>INFO</severity>
		<timestamp>Fri Oct 29 14:25:14 2021</timestamp>
		<arg name='module'>/curc/sw/python/3.6.5/lib/libmpi.so.12</arg>
	</msg>
	<msg id='56' display='false' source='trc'>
		<type>UNLOAD_MODULE</type>
		<severity>INFO</severity>
		<timestamp>Fri Oct 29 14:25:14 2021</timestamp>
		<arg name='module'>/lib64/librt.so.1</arg>
	</msg>
	<msg id='57' display='false' source='trc'>
		<type>UNLOAD_MODULE</type>
		<severity>INFO</severity>
		<timestamp>Fri Oct 29 14:25:14 2021</timestamp>
		<arg name='module'>/lib64/libpthread.so.0</arg>
	</msg>
	<msg id='58' display='false' source='trc'>
		<type>UNLOAD_MODULE</type>
		<severity>INFO</severity>
		<timestamp>Fri Oct 29 14:25:14 2021</timestamp>
		<arg name='module'>/curc/sw/gcc/5.4.0/lib64/libstdc++.so.6</arg>
	</msg>
	<msg id='59' display='false' source='trc'>
		<type>UNLOAD_MODULE</type>
		<severity>INFO</severity>
		<timestamp>Fri Oct 29 14:25:14 2021</timestamp>
		<arg name='module'>/lib64/libm.so.6</arg>
	</msg>
	<msg id='60' display='false' source='trc'>
		<type>UNLOAD_MODULE</type>
		<severity>INFO</severity>
		<timestamp>Fri Oct 29 14:25:14 2021</timestamp>
		<arg name='module'>/curc/sw/python/3.6.5/lib/libiomp5.so</arg>
	</msg>
	<msg id='61' display='false' source='trc'>
		<type>UNLOAD_MODULE</type>
		<severity>INFO</severity>
		<timestamp>Fri Oct 29 14:25:14 2021</timestamp>
		<arg name='module'>/curc/sw/gcc/5.4.0/lib64/libgcc_s.so.1</arg>
	</msg>
	<msg id='62' display='false' source='trc'>
		<type>UNLOAD_MODULE</type>
		<severity>INFO</severity>
		<timestamp>Fri Oct 29 14:25:14 2021</timestamp>
		<arg name='module'>/lib64/libc.so.6</arg>
	</msg>
	<msg id='63' display='false' source='trc'>
		<type>UNLOAD_MODULE</type>
		<severity>INFO</severity>
		<timestamp>Fri Oct 29 14:25:14 2021</timestamp>
		<arg name='module'>/lib64/libfabric.so.1</arg>
	</msg>
	<msg id='64' display='false' source='trc'>
		<type>UNLOAD_MODULE</type>
		<severity>INFO</severity>
		<timestamp>Fri Oct 29 14:25:14 2021</timestamp>
		<arg name='module'>/lib64/librdmacm.so.1</arg>
	</msg>
	<msg id='65' display='false' source='trc'>
		<type>UNLOAD_MODULE</type>
		<severity>INFO</severity>
		<timestamp>Fri Oct 29 14:25:14 2021</timestamp>
		<arg name='module'>/lib64/libibverbs.so.1</arg>
	</msg>
	<msg id='66' display='false' source='trc'>
		<type>UNLOAD_MODULE</type>
		<severity>INFO</severity>
		<timestamp>Fri Oct 29 14:25:14 2021</timestamp>
		<arg name='module'>/lib64/libnl-route-3.so.200</arg>
	</msg>
	<msg id='67' display='false' source='trc'>
		<type>UNLOAD_MODULE</type>
		<severity>INFO</severity>
		<timestamp>Fri Oct 29 14:25:14 2021</timestamp>
		<arg name='module'>/lib64/libpsm_infinipath.so.1</arg>
	</msg>
	<msg id='68' display='false' source='trc'>
		<type>UNLOAD_MODULE</type>
		<severity>INFO</severity>
		<timestamp>Fri Oct 29 14:25:14 2021</timestamp>
		<arg name='module'>/lib64/libpsm2.so.2</arg>
	</msg>
	<msg id='69' display='false' source='trc'>
		<type>UNLOAD_MODULE</type>
		<severity>INFO</severity>
		<timestamp>Fri Oct 29 14:25:14 2021</timestamp>
		<arg name='module'>/lib64/libnl-3.so.200</arg>
	</msg>
	<msg id='70' display='false' source='trc'>
		<type>UNLOAD_MODULE</type>
		<severity>INFO</severity>
		<timestamp>Fri Oct 29 14:25:14 2021</timestamp>
		<arg name='module'>/lib64/libinfinipath.so.4</arg>
	</msg>
	<msg id='71' display='false' source='trc'>
		<type>UNLOAD_MODULE</type>
		<severity>INFO</severity>
		<timestamp>Fri Oct 29 14:25:14 2021</timestamp>
		<arg name='module'>/lib64/libuuid.so.1</arg>
	</msg>
	<msg id='72' display='false' source='trc'>
		<type>UNLOAD_MODULE</type>
		<severity>INFO</severity>
		<timestamp>Fri Oct 29 14:25:14 2021</timestamp>
		<arg name='module'>/lib64/libnuma.so.1</arg>
	</msg>
	<msg id='73' display='false' source='trc'>
		<type>UNLOAD_MODULE</type>
		<severity>INFO</severity>
		<timestamp>Fri Oct 29 14:25:14 2021</timestamp>
		<arg name='module'>/usr/lib64/libibverbs/libvmw_pvrdma-rdmav17.so</arg>
	</msg>
	<msg id='74' display='false' source='trc'>
		<type>UNLOAD_MODULE</type>
		<severity>INFO</severity>
		<timestamp>Fri Oct 29 14:25:14 2021</timestamp>
		<arg name='module'>/usr/lib64/libibverbs/libhns-rdmav17.so</arg>
	</msg>
	<msg id='75' display='false' source='trc'>
		<type>UNLOAD_MODULE</type>
		<severity>INFO</severity>
		<timestamp>Fri Oct 29 14:25:14 2021</timestamp>
		<arg name='module'>/usr/lib64/libibverbs/libbnxt_re-rdmav17.so</arg>
	</msg>
	<msg id='76' display='false' source='trc'>
		<type>UNLOAD_MODULE</type>
		<severity>INFO</severity>
		<timestamp>Fri Oct 29 14:25:14 2021</timestamp>
		<arg name='module'>/usr/lib64/libibverbs/librxe-rdmav17.so</arg>
	</msg>
	<msg id='77' display='false' source='trc'>
		<type>UNLOAD_MODULE</type>
		<severity>INFO</severity>
		<timestamp>Fri Oct 29 14:25:14 2021</timestamp>
		<arg name='module'>/usr/lib64/libibverbs/libqedr-rdmav17.so</arg>
	</msg>
	<msg id='78' display='false' source='trc'>
		<type>UNLOAD_MODULE</type>
		<severity>INFO</severity>
		<timestamp>Fri Oct 29 14:25:14 2021</timestamp>
		<arg name='module'>/usr/lib64/libibverbs/libocrdma-rdmav17.so</arg>
	</msg>
	<msg id='79' display='false' source='trc'>
		<type>UNLOAD_MODULE</type>
		<severity>INFO</severity>
		<timestamp>Fri Oct 29 14:25:14 2021</timestamp>
		<arg name='module'>/usr/lib64/libibverbs/libnes-rdmav17.so</arg>
	</msg>
	<msg id='80' display='false' source='trc'>
		<type>UNLOAD_MODULE</type>
		<severity>INFO</severity>
		<timestamp>Fri Oct 29 14:25:14 2021</timestamp>
		<arg name='module'>/usr/lib64/libibverbs/libmthca-rdmav17.so</arg>
	</msg>
	<msg id='81' display='false' source='trc'>
		<type>UNLOAD_MODULE</type>
		<severity>INFO</severity>
		<timestamp>Fri Oct 29 14:25:14 2021</timestamp>
		<arg name='module'>/usr/lib64/libibverbs/libmlx5-rdmav17.so</arg>
	</msg>
	<msg id='82' display='false' source='trc'>
		<type>UNLOAD_MODULE</type>
		<severity>INFO</severity>
		<timestamp>Fri Oct 29 14:25:14 2021</timestamp>
		<arg name='module'>/usr/lib64/libibverbs/libmlx4-rdmav17.so</arg>
	</msg>
	<msg id='83' display='false' source='trc'>
		<type>UNLOAD_MODULE</type>
		<severity>INFO</severity>
		<timestamp>Fri Oct 29 14:25:14 2021</timestamp>
		<arg name='module'>/usr/lib64/libibverbs/libipathverbs-rdmav17.so</arg>
	</msg>
	<msg id='84' display='false' source='trc'>
		<type>UNLOAD_MODULE</type>
		<severity>INFO</severity>
		<timestamp>Fri Oct 29 14:25:14 2021</timestamp>
		<arg name='module'>/usr/lib64/libibverbs/libi40iw-rdmav17.so</arg>
	</msg>
	<msg id='85' display='false' source='trc'>
		<type>UNLOAD_MODULE</type>
		<severity>INFO</severity>
		<timestamp>Fri Oct 29 14:25:14 2021</timestamp>
		<arg name='module'>/usr/lib64/libibverbs/libhfi1verbs-rdmav17.so</arg>
	</msg>
	<msg id='86' display='false' source='trc'>
		<type>UNLOAD_MODULE</type>
		<severity>INFO</severity>
		<timestamp>Fri Oct 29 14:25:14 2021</timestamp>
		<arg name='module'>/usr/lib64/libibverbs/libcxgb4-rdmav17.so</arg>
	</msg>
	<msg id='87' display='false' source='trc'>
		<type>UNLOAD_MODULE</type>
		<severity>INFO</severity>
		<timestamp>Fri Oct 29 14:25:14 2021</timestamp>
		<arg name='module'>/usr/lib64/libibverbs/libcxgb3-rdmav17.so</arg>
	</msg>
	<msg id='88' display='false' source='trc'>
		<type>UNLOAD_MODULE</type>
		<severity>INFO</severity>
		<timestamp>Fri Oct 29 14:25:14 2021</timestamp>
		<arg name='module'>/lib64/libnss_files.so.2</arg>
	</msg>
	<msg id='89' display='false' source='trc'>
		<type>UNLOAD_MODULE</type>
		<severity>INFO</severity>
		<timestamp>Fri Oct 29 14:25:14 2021</timestamp>
		<arg name='module'>/projects/scru5660/public/software/install/advisor_2020.2.0.606470/lib64/runtime/libittnotify.so</arg>
	</msg>
	<msg id='90' display='false' source='trc'>
		<type>UNLOAD_MODULE</type>
		<severity>INFO</severity>
		<timestamp>Fri Oct 29 14:25:14 2021</timestamp>
		<arg name='module'>/curc/sw/python/3.6.5/lib/libtbbmalloc.so.2</arg>
	</msg>
	<msg id='91' display='false' source='trc'>
		<type>PROCESS_FINISH</type>
		<severity>INFO</severity>
		<timestamp>Fri Oct 29 14:25:14 2021</timestamp>
		<arg name='process'>/home/debu7497/HPSC/codes/solvers_nonLinear/src/solvers</arg>
		<arg name='pid'>28645</arg>
		<arg name='exitcode'>0x0</arg>
	</msg>
	<!-- Application exited with code 0 -->
</log>