<?xml version="1.0" encoding="utf-8" ?>
<!-- DO NOT EDIT THIS FILE -->

<log version='2.0' source='trc'>
	<msg id='1' display='false' source='trc'>
		<type>PROCESS_START</type>
		<severity>INFO</severity>
		<timestamp>Fri Oct 29 14:25:09 2021</timestamp>
		<arg name='process'>/curc/sw/python/3.6.5/bin/mpiexec.hydra</arg>
		<arg name='pid'>28755</arg>
	</msg>
	<!-- Instrumentation filter's state:
    Patterns applicability:
        Generic loop pattern.....................: enabled
        Generic loop pattern (with dynamic jumps): enabled
        Known trip value loop pattern............: enabled
        Runtime final value loop pattern.........: enabled
        No initial IV loop pattern...............: enabled
        IV step only loop pattern................: enabled
        No entry loop pattern....................: enabled
    Clustered memory model (CMM) applicability:
        Generic loop pattern.....................: enabled
        Generic loop pattern (with dynamic jumps): enabled
        Known trip value loop pattern............: enabled
        Runtime final value loop pattern.........: enabled
        No initial IV loop pattern...............: enabled
        IV step only loop pattern................: enabled
        No entry loop pattern....................: disabled
 -->
	<!-- Callstack mode:
    filter modules.........: true
    filter routines........: true
    count loops............: false
    count flops............: false
    trace..................: false
    extended trace.........: false
    omp trace..............: false
    jit trace..............: false
    failures trace.........: false
    dump raw...............: false
    dump final.............: false
    dump all...............: false
    stack stitching........: true
    stl profiling..........: true
    aggressive frame switch: true
    unwind frame exit......: true
    analyze child loops....: true
 -->
	<!-- Gpu Profiling: -->
	<!-- 	State: disabled -->
	<!-- Managed application profiling: -->
	<!-- 	State...................: enabled -->
	<msg id='2' display='false' source='trc'>
		<type>PROCESS_ANALYSIS_MODE</type>
		<severity>INFO</severity>
		<timestamp>Fri Oct 29 14:25:09 2021</timestamp>
		<arg name='mode'>full</arg>
	</msg>
	<msg id='3' display='false' source='trc'>
		<type>LOAD_MODULE</type>
		<severity>INFO</severity>
		<timestamp>Fri Oct 29 14:25:09 2021</timestamp>
		<arg name='module'>/curc/sw/python/3.6.5/bin/mpiexec.hydra</arg>
		<arg name='basement'>0x400000</arg>
		<arg name='ceiling'>0x6a8a57</arg>
		<arg name='symtab'>yes</arg>
	</msg>
	<!-- Instrumentation of /curc/sw/python/3.6.5/bin/mpiexec.hydra image skipped because of filter conditions [cs-mode]. -->
	<msg id='4' display='false' source='trc'>
		<type>LOAD_MODULE</type>
		<severity>INFO</severity>
		<timestamp>Fri Oct 29 14:25:09 2021</timestamp>
		<arg name='module'>/lib64/ld-linux-x86-64.so.2</arg>
		<arg name='basement'>0x2b0db96c3000</arg>
		<arg name='ceiling'>0x2b0db98e614f</arg>
		<arg name='symtab'>yes</arg>
	</msg>
	<!-- Instrumentation of /lib64/ld-linux-x86-64.so.2 image skipped because of filter conditions [cs-mode]. -->
	<msg id='5' display='false' source='trc'>
		<type>LOAD_MODULE</type>
		<severity>INFO</severity>
		<timestamp>Fri Oct 29 14:25:09 2021</timestamp>
		<arg name='module'>[vdso]</arg>
		<arg name='basement'>0x7ffd197a2000</arg>
		<arg name='ceiling'>0x7ffd197a2e6c</arg>
		<arg name='symtab'>no</arg>
	</msg>
	<!-- Instrumentation of [vdso] image skipped because of filter conditions [cs-mode]. -->
	<msg id='6' display='false' source='trc'>
		<type>LOAD_MODULE</type>
		<severity>INFO</severity>
		<timestamp>Fri Oct 29 14:25:09 2021</timestamp>
		<arg name='module'>/lib64/libdl.so.2</arg>
		<arg name='basement'>0x2b0dcf17e000</arg>
		<arg name='ceiling'>0x2b0dcf38112f</arg>
		<arg name='symtab'>yes</arg>
	</msg>
	<!-- Instrumentation of /lib64/libdl.so.2 image skipped because of filter conditions [cs-mode]. -->
	<msg id='7' display='false' source='trc'>
		<type>LOAD_MODULE</type>
		<severity>INFO</severity>
		<timestamp>Fri Oct 29 14:25:09 2021</timestamp>
		<arg name='module'>/lib64/libpthread.so.0</arg>
		<arg name='basement'>0x2b0dcf3a1000</arg>
		<arg name='ceiling'>0x2b0dcf5bc487</arg>
		<arg name='symtab'>yes</arg>
	</msg>
	<!-- Instrumentation of /lib64/libpthread.so.0 image skipped because of filter conditions [cs-mode]. -->
	<msg id='8' display='false' source='trc'>
		<type>LOAD_MODULE</type>
		<severity>INFO</severity>
		<timestamp>Fri Oct 29 14:25:09 2021</timestamp>
		<arg name='module'>/lib64/libm.so.6</arg>
		<arg name='basement'>0x2b0dcf5bd000</arg>
		<arg name='ceiling'>0x2b0dcf8be137</arg>
		<arg name='symtab'>yes</arg>
	</msg>
	<!-- Instrumentation of /lib64/libm.so.6 image skipped because of filter conditions [cs-mode]. -->
	<msg id='9' display='false' source='trc'>
		<type>LOAD_MODULE</type>
		<severity>INFO</severity>
		<timestamp>Fri Oct 29 14:25:09 2021</timestamp>
		<arg name='module'>/curc/sw/gcc/5.4.0/lib64/libgcc_s.so.1</arg>
		<arg name='basement'>0x2b0dcf8bf000</arg>
		<arg name='ceiling'>0x2b0dcfad543f</arg>
		<arg name='symtab'>yes</arg>
	</msg>
	<!-- Instrumentation of /curc/sw/gcc/5.4.0/lib64/libgcc_s.so.1 image skipped because of filter conditions [cs-mode]. -->
	<msg id='10' display='false' source='trc'>
		<type>LOAD_MODULE</type>
		<severity>INFO</severity>
		<timestamp>Fri Oct 29 14:25:09 2021</timestamp>
		<arg name='module'>/lib64/libc.so.6</arg>
		<arg name='basement'>0x2b0dcfae1000</arg>
		<arg name='ceiling'>0x2b0dcfea31bf</arg>
		<arg name='symtab'>yes</arg>
	</msg>
	<!-- Instrumentation of /lib64/libc.so.6 image skipped because of filter conditions [cs-mode]. -->
	<msg id='11' display='false' source='trc'>
		<type>LOAD_MODULE</type>
		<severity>INFO</severity>
		<timestamp>Fri Oct 29 14:25:10 2021</timestamp>
		<arg name='module'>/lib64/libnss_files.so.2</arg>
		<arg name='basement'>0x2b0dd08fe000</arg>
		<arg name='ceiling'>0x2b0dd0b10877</arg>
		<arg name='symtab'>yes</arg>
	</msg>
	<!-- Instrumentation of /lib64/libnss_files.so.2 image skipped because of filter conditions [cs-mode]. -->
	<msg id='12' display='false' source='trc'>
		<type>LOAD_MODULE</type>
		<severity>INFO</severity>
		<timestamp>Fri Oct 29 14:25:10 2021</timestamp>
		<arg name='module'>/lib64/libnss_dns.so.2</arg>
		<arg name='basement'>0x2b0dd0c2a000</arg>
		<arg name='ceiling'>0x2b0dd0e2f0ff</arg>
		<arg name='symtab'>yes</arg>
	</msg>
	<!-- Instrumentation of /lib64/libnss_dns.so.2 image skipped because of filter conditions [cs-mode]. -->
	<msg id='13' display='false' source='trc'>
		<type>LOAD_MODULE</type>
		<severity>INFO</severity>
		<timestamp>Fri Oct 29 14:25:10 2021</timestamp>
		<arg name='module'>/lib64/libresolv.so.2</arg>
		<arg name='basement'>0x2b0dd0e40000</arg>
		<arg name='ceiling'>0x2b0dd1059a97</arg>
		<arg name='symtab'>yes</arg>
	</msg>
	<!-- Instrumentation of /lib64/libresolv.so.2 image skipped because of filter conditions [cs-mode]. -->
</log>
	<msg id='14' display='false' source='trc'>
		<type>UNLOAD_MODULE</type>
		<severity>INFO</severity>
		<timestamp>Fri Oct 29 14:25:14 2021</timestamp>
		<arg name='module'>/curc/sw/python/3.6.5/bin/mpiexec.hydra</arg>
	</msg>
	<msg id='15' display='false' source='trc'>
		<type>UNLOAD_MODULE</type>
		<severity>INFO</severity>
		<timestamp>Fri Oct 29 14:25:14 2021</timestamp>
		<arg name='module'>/lib64/ld-linux-x86-64.so.2</arg>
	</msg>
	<msg id='16' display='false' source='trc'>
		<type>UNLOAD_MODULE</type>
		<severity>INFO</severity>
		<timestamp>Fri Oct 29 14:25:14 2021</timestamp>
		<arg name='module'>[vdso]</arg>
	</msg>
	<msg id='17' display='false' source='trc'>
		<type>UNLOAD_MODULE</type>
		<severity>INFO</severity>
		<timestamp>Fri Oct 29 14:25:14 2021</timestamp>
		<arg name='module'>/lib64/libdl.so.2</arg>
	</msg>
	<msg id='18' display='false' source='trc'>
		<type>UNLOAD_MODULE</type>
		<severity>INFO</severity>
		<timestamp>Fri Oct 29 14:25:14 2021</timestamp>
		<arg name='module'>/lib64/libpthread.so.0</arg>
	</msg>
	<msg id='19' display='false' source='trc'>
		<type>UNLOAD_MODULE</type>
		<severity>INFO</severity>
		<timestamp>Fri Oct 29 14:25:14 2021</timestamp>
		<arg name='module'>/lib64/libm.so.6</arg>
	</msg>
	<msg id='20' display='false' source='trc'>
		<type>UNLOAD_MODULE</type>
		<severity>INFO</severity>
		<timestamp>Fri Oct 29 14:25:14 2021</timestamp>
		<arg name='module'>/curc/sw/gcc/5.4.0/lib64/libgcc_s.so.1</arg>
	</msg>
	<msg id='21' display='false' source='trc'>
		<type>UNLOAD_MODULE</type>
		<severity>INFO</severity>
		<timestamp>Fri Oct 29 14:25:14 2021</timestamp>
		<arg name='module'>/lib64/libc.so.6</arg>
	</msg>
	<msg id='22' display='false' source='trc'>
		<type>UNLOAD_MODULE</type>
		<severity>INFO</severity>
		<timestamp>Fri Oct 29 14:25:14 2021</timestamp>
		<arg name='module'>/lib64/libnss_files.so.2</arg>
	</msg>
	<msg id='23' display='false' source='trc'>
		<type>UNLOAD_MODULE</type>
		<severity>INFO</severity>
		<timestamp>Fri Oct 29 14:25:14 2021</timestamp>
		<arg name='module'>/lib64/libnss_dns.so.2</arg>
	</msg>
	<msg id='24' display='false' source='trc'>
		<type>UNLOAD_MODULE</type>
		<severity>INFO</severity>
		<timestamp>Fri Oct 29 14:25:14 2021</timestamp>
		<arg name='module'>/lib64/libresolv.so.2</arg>
	</msg>
	<msg id='25' display='false' source='trc'>
		<type>PROCESS_FINISH</type>
		<severity>INFO</severity>
		<timestamp>Fri Oct 29 14:25:14 2021</timestamp>
		<arg name='process'>/curc/sw/python/3.6.5/bin/mpiexec.hydra</arg>
		<arg name='pid'>28755</arg>
		<arg name='exitcode'>0x0</arg>
	</msg>
	<!-- Application exited with code 0 -->
</log>