Collection status has changed. 1
Collection has been started.
Collection has stopped. Application exit code:  0
Loading cached program model
Cache load failed
Loading collected suitability data
Finalizing results
Finalizing the result
Clearing the database
The database has been cleared, elapsed time is 0.364 seconds.
Loading raw data to the database
Loading 'systemcollector-36432-shas0137.sc' file
Loading '36432-36444.0.trace' file
Loading '36444-36485.0.trace' file
Loading '36444-36485.1.trace' file
Loading '36485-36510.0.trace' file
Loading '36485-36510.1.trace' file
Loading '36485-36510.2.trace' file
Loading 'userapicollector-36444-63d68ca5.trace' file
Updating precomputed scalar metrics
Raw data has been loaded to the database, elapsed time is 0.449 seconds.
Processing profile metrics and debug information
Data transformations have been finished, elapsed time is 0.000 seconds.
Setting data model parameters
Resolving module symbols
Resolving information for `libpsm2.so.2'
Warning: Cannot locate debugging information for file `/lib64/libpsm2.so.2'.
Resolving information for `hydra_bstrap_proxy'
Resolving information for `libc.so.6'
Resolving information for `libiomp5.so'
Resolving information for `mpiexec.hydra'
Resolving information for `libpsmx2-fi.so'
Warning: Cannot locate file `[stack]'.
Warning: Cannot locate debugging information for file `/lib64/libc.so.6'.
Resolving information for `[stack]'
Warning: Cannot locate debugging information for file `/curc/sw/python/3.6.5/lib/libiomp5.so'.
Resolving information for `hydra_pmi_proxy'
Resolving information for `solvers'
Resolving information for `libmpi.so.12'
Warning: Cannot locate debugging information for file `/curc/sw/python/3.6.5/lib/libmpi.so.12'.
Resolving information for `libittnotify_collector.so'
Warning: Cannot locate debugging information for file `/projects/scru5660/public/software/install/advisor_2020.2.0.606470/lib64/runtime/libittnotify_collector.so'.
Resolving bottom user stack information
Resolving thread name information
Resolving call target names for dynamic code
Symbol resolution has been finished, elapsed time is 1.705 seconds.
Processing profile metrics and debug information
Deferred data transformations have been finished, elapsed time is 0.069 seconds.
Setting data model parameters
Data model parameters have been set, elapsed time is 0.048 seconds.
Precomputing frequently used data
Precomputing frequently used data
Updating precomputed scalar metrics
Precomputing frequently used data has been finished, elapsed time is 0.199 seconds.
Discarding redundant overtime data
Saving the result
Redundant overtime data has been discarded, elapsed time is 0.007 seconds.
Raw collector data has been discarded, elapsed time is 0.000 seconds.
Finalizing the result took 2.965 seconds.
Resolving module symbols
Resolving information for dangling locations
Resolving bottom user stack information
Resolving thread name information
Resolving call target names for dynamic code
Precomputing frequently used data
Saving the result
Building program model
Building program model
Saving program model
Caching program model
Preparing data for efficient display
Preparing data for efficient display
