12 [47760433791872] INFO perfrun.launcher <> - Launcher main begin
14 [47760433791872] INFO perfrun.launcher <> - MessageCatalogInit finished
14 [47760433791872] INFO perfrun.launcher <> - Launcher instance created
14 [47760433791872] INFO perfrun.launcher <> - argc = 6; cmdline = /projects/scru5660/public/software/install/advisor_2020.2.0.606470/bin64/advixe-runss --ui-output-format xml --ui-output-fd 81 --context-value-list 
38 [47760433791872] INFO perfrun.launcher <> - plugin remoteplug has been added successfully
38 [47760433791872] INFO perfrun.launcher <> - plugin system has been added successfully
38 [47760433791872] INFO perfrun.launcher <> - plugin vdso has been added successfully
38 [47760433791872] INFO perfrun.launcher <> - plugin itt has been added successfully
38 [47760433791872] INFO perfrun.launcher <> - plugin  has been added successfully
38 [47760433791872] INFO perfrun.launcher <> - plugin gpu has been added successfully
38 [47760433791872] INFO perfrun.launcher <> - plugin  has been added successfully
38 [47760433791872] INFO perfrun.launcher <> - plugin  has been added successfully
38 [47760433791872] INFO perfrun.launcher <> - plugin  has been added successfully
38 [47760433791872] INFO perfrun.launcher <> - plugin mrte has been added successfully
38 [47760433791872] INFO perfrun.launcher <> - plugin  has been added successfully
38 [47760433791872] INFO perfrun.launcher <> - plugin  has been added successfully
38 [47760433791872] INFO perfrun.launcher <> - plugin  has been added successfully
41 [47760433791872] INFO perfrun.launcher <> - plugin  has been added successfully
41 [47760433791872] INFO perfrun.launcher <> - plugin  has been added successfully
41 [47760433791872] INFO perfrun.launcher <> - plugin  has been added successfully
41 [47760433791872] INFO perfrun.launcher <> - plugin  has been added successfully
41 [47760433791872] INFO perfrun.launcher <> - plugin tpss has been added successfully
41 [47760433791872] INFO perfrun.launcher <> - plugin  has been added successfully
41 [47760433791872] INFO perfrun.launcher <> - plugin  has been added successfully
41 [47760433791872] INFO perfrun.launcher <> - plugin  has been added successfully
41 [47760433791872] INFO perfrun.launcher <> - plugin  has been added successfully
41 [47760433791872] INFO perfrun.launcher <> - plugin  has been added successfully
41 [47760433791872] INFO perfrun.launcher <> - plugin  has been added successfully
41 [47760433791872] INFO perfrun.launcher <> - plugin  has been added successfully
41 [47760433791872] INFO perfrun.launcher <> - plugin  has been added successfully
41 [47760433791872] INFO perfrun.launcher <> - plugin  has been added successfully
41 [47760433791872] INFO perfrun.launcher <> - the option was added --interval: Specify an interval of data collection (for example, sampling) in milliseconds.
41 [47760433791872] INFO perfrun.launcher <> - the option was added --follow-child: Profile process with or without children.
41 [47760433791872] INFO perfrun.launcher <> - the option was added --gelding: BADMSG: perfrun1.launcher.plugin_manager::gelding
41 [47760433791872] INFO perfrun.launcher <> - the option was added --time-source: Specify time source for measurement. Possible values: sys - wall clock time; tsc - time stamp counter; ext - time from an external source; auto - auto select accurate time source.
41 [47760433791872] INFO perfrun.launcher <> - the option was added --stack: Enable or disable collection of stacks.
41 [47760433791872] INFO perfrun.launcher <> - the option was added --stack-stitching: Enable or disable the stack stitching algorithm for Intel TBB-based applications.
41 [47760433791872] INFO perfrun.launcher <> - the option was added --type: Specify type of data to be collected. For example, --type cpu:counters,waiting:nostack,io.
41 [47760433791872] INFO perfrun.launcher <> - the option was added --mrte-mode: Specify Java/.NET/other managed runtime collection mode. Possible values: native - collect information only for native code; managed - collect information only for managed code; mixed - collect information for both managed and native code; auto - choose the mode based on binary type.
41 [47760433791872] INFO perfrun.launcher <> - the option was added --mrte-mode-list: List supported Java/.NET/other managed runtime collection modes.
41 [47760433791872] INFO perfrun.launcher <> - the option was added --mrte-type: Specify which managed runtimes to collect. Possible values: java - collect information for Java; dotnet - collect information for .NET; python - collect information for CPython. You can specify several values separated by comma.
41 [47760433791872] INFO perfrun.launcher <> - the option was added --mrte-type-list: List supported Java/.NET/other managed runtime types.
41 [47760433791872] INFO perfrun.launcher <> - the option was added --trace-strategy: Specify how to profile a process tree. <string> can be "<process>:trace:notrace" - profile the process but do not profile its children. Shorthand parameters: t - trace, nt - notrace. For example, "vtunedemo.exe:t:t".
41 [47760433791872] INFO perfrun.launcher <> - the option was added --collector: BADMSG: perfrun1.launcher.plugin_manager::collector
41 [47760433791872] INFO perfrun.launcher <> - the option was added --system-wide: Enable system-wide profiling. This mode may require additional permissions.
41 [47760433791872] INFO perfrun.launcher <> - the option was added --kvm-guest: Enable KVM guest OS profiling.
41 [47760433791872] INFO perfrun.launcher <> - the option was added --kvm-guest-kallsyms: Specify a local path to the /proc/kallsyms file copied from the guest OS for proper symbol resolution.
41 [47760433791872] INFO perfrun.launcher <> - the option was added --kvm-guest-modules: Specify a local path to the /proc/modules file copied from the guest OS for proper symbol resolution.
41 [47760433791872] INFO perfrun.launcher <> - the option was added --bandwidth-limits: Measure bandwidth limits
41 [47760433791872] INFO perfrun.launcher <> - the option was added --bandwidth-strategy: Bandwidth limits determination specific properties (example: --bandwidth-strategy array-size=0,duration=500).
42 [47760433791872] INFO perfrun.launcher <> - the option was added --bandwidth-config: List of benchmarks to run.
42 [47760433791872] INFO perfrun.launcher <> - the option was added --dump-vdso: Dump [vdso] to result directory
42 [47760433791872] INFO perfrun.launcher <> - the option was added --system-collector-config: Specify subcollectors. Possible values: all, container, device-info, none. Specify subcollectors. Possible values: all, vdso.
42 [47760433791872] INFO perfrun.launcher <> - the option was added --itt-config: Specify a sub-set of ITT API to collect.
42 [47760433791872] INFO perfrun.launcher <> - the option was added --itt-debug: Set pseudo-breakpoint at ITT API collector's start to enable the debugger to attach early.
42 [47760433791872] INFO perfrun.launcher <> - the option was added --gpu-config: Specify types of GPU data to be collected. Possible values: preset1, preset2.
42 [47760433791872] INFO perfrun.launcher <> - the option was added --gpu-debug: Enable self-testing of the GPGPU profiling collector.
42 [47760433791872] INFO perfrun.launcher <> - the option was added --gpu-counting: Collect GPU data in the counting mode.
42 [47760433791872] INFO perfrun.launcher <> - the option was added --stackwalk: Specify stack unwinding method. Possible values: online - unwind stacks during collection; offline - unwind stacks after collection is finished.
42 [47760433791872] INFO perfrun.launcher <> - the option was added --filter-include: Filter data during collection. Possible values: contended=<on|off> - filter out uncontended events; contended_nostack=<time> - filter out stacks for contended events that take less than <time> microseconds; wait=<time> - ignore transitions and blocks with wait time less than <time> microseconds; wait_nostack=<time> - filter out stacks for waits that take less than <time> microseconds.
42 [47760433791872] INFO perfrun.launcher <> - the option was added --debug-pin: Debug PIN tool and runtime.
42 [47760433791872] INFO perfrun.launcher <> - the option was added --debug-exception: Disallow the application to set own abnormal termination handler.
42 [47760433791872] INFO perfrun.launcher <> - the option was added --trace-type: Specify the trace file granularity. Possible values: per-thread - per-thread trace file generation; per-process - per-process trace file generation.
42 [47760433791872] INFO perfrun.launcher <> - the option was added --instrumentation-type: Specify type of instrumentation.
42 [47760433791872] INFO perfrun.launcher <> - the option was added --altstack: Enable or disable usage of altstacks for profiling signal handlers.
42 [47760433791872] INFO perfrun.launcher <> - the option was added --profiling-signal: Alternate profiling signal.
42 [47760433791872] INFO perfrun.launcher <> - the option was added --memory-strategy: Specify a minimal memory object size to be traced and a hash table size for faster objects search; for example: --memory-strategy obj-size-min=1024,hash-table-size=4096.
42 [47760433791872] INFO perfrun.launcher <> - the option was added --gpu-profiling-type: Specify a type of deep GPU profiling: none, bblatency, memlatency, instcount.
42 [47760433791872] INFO perfrun.launcher <> - the option was added --opencl-trace-mode: Specify OpenCL kernel tracing modes: 'default' to trace OpenCL kernels for Intel Graphics Driver only; 'epoch' for any non-Intel graphics, where OpenCL kernels will be traced and OpenCL profiling API timestamps will be interpreted as Unux Epoch time in nanoseconds; 'completion' to trace OpenCL kernels for any Graphics Driver and bind OpenCL profiling API timestamps to the timestamp of OpenCL completion callback.
42 [47760433791872] INFO perfrun.launcher <> - the option was added --gpu-kernels-to-profile: Specify a comma-separated list of GPU kernel names and invocations to be profiled in the following format: kernel_name[#start_idx#step#stop_idx], where kernel_name is the name of GPU kernel; start_idx is the number of the first invocation; and stop_idx is the number of the last invocation to be profiled.
43 [47760433791872] INFO perfrun.launcher <> - create msngr2::ICliToolContext
43 [47760433791872] INFO perfrun.launcher <> - create file finder object
195 [47760558688000] ERROR perfrun.gpu <> - gh2::internal::unconditional_alert() 'ConsumerInitializationError(ConsumerInitializationError::ceNotEnoughPermissions)'
vcs/perfrun1/plugins/gpu/src/event_consumer_univ.cpp(221): void runtool::gpu::EventConsumerUniversal::initialize()
, at file: vcs/perfrun1/plugins/gpu/src/event_consumer_univ.cpp:221
195 [47760558688000] ERROR perfrun.gpu <> - Exception has been thrown, message is: "<none>", at file: vcs/perfrun1/plugins/gpu/src/error_handling.hpp:53
195 [47760433791872] INFO perfrun.launcher <> - Put into the variant bag the context value: name = targetOS; value = Linux
196 [47760433791872] INFO perfrun.launcher <> - Put into the variant bag the context value: name = OS; value = Linux
196 [47760433791872] INFO perfrun.launcher <> - Put into the variant bag the context value: name = OSBuildNumber; value = 0
196 [47760433791872] INFO perfrun.launcher <> - Put into the variant bag the context value: name = OSBitness; value = 64
196 [47760433791872] INFO perfrun.launcher <> - Put into the variant bag the context value: name = RootPrivileges; value = false
196 [47760433791872] INFO perfrun.launcher <> - Put into the variant bag the context value: name = isPtraceScopeLimited; value = false
196 [47760433791872] INFO perfrun.launcher <> - Put into the variant bag the context value: name = isCATSupportedByCPU; value = false
196 [47760433791872] INFO perfrun.launcher <> - Put into the variant bag the context value: name = isTSXAvailable; value = false
196 [47760433791872] INFO perfrun.launcher <> - Put into the variant bag the context value: name = isHTEnabled; value = false
196 [47760433791872] INFO perfrun.launcher <> - Put into the variant bag the context value: name = fpgaOnBoard; value = None
196 [47760433791872] INFO perfrun.launcher <> - Put into the variant bag the context value: name = omniPathOnBoard; value = Discrete
196 [47760433791872] INFO perfrun.launcher <> - Put into the variant bag the context value: name = genArchOnBoard; value = 0
196 [47760433791872] INFO perfrun.launcher <> - Put into the variant bag the context value: name = pciClassParts; value = 
196 [47760433791872] INFO perfrun.launcher <> - Put into the variant bag the context value: name = isSGXAvailable; value = false
196 [47760433791872] INFO perfrun.launcher <> - Put into the variant bag the context value: name = LinuxRelease; value = 3.10.0-957.21.3.el7.x86_64
196 [47760433791872] INFO perfrun.launcher <> - Put into the variant bag the context value: name = is3DXPPresent; value = false
196 [47760433791872] INFO perfrun.launcher <> - Put into the variant bag the context value: name = is3DXP2LMMode; value = false
196 [47760433791872] INFO perfrun.launcher <> - Put into the variant bag the context value: name = is3DXPAppDirectMode; value = false
196 [47760433791872] INFO perfrun.launcher <> - Put into the variant bag the context value: name = IsNUMANodeWithoutCPUsPresent; value = false
196 [47760433791872] INFO perfrun.launcher <> - Put into the variant bag the context value: name = Hypervisor; value = None
196 [47760433791872] INFO perfrun.launcher <> - Put into the variant bag the context value: name = PerfmonVersion; value = 3
196 [47760433791872] INFO perfrun.launcher <> - Put into the variant bag the context value: name = isMaxDRAMBandwidthMeasurementSupported; value = true
196 [47760433791872] INFO perfrun.launcher <> - Put into the variant bag the context value: name = tidValuesForIO; value = 
196 [47760433791872] INFO perfrun.launcher <> - Put into the variant bag the context value: name = areGpuHardwareMetricsAvailable; value = InsufficientPermissions
196 [47760433791872] INFO perfrun.launcher <> - Put into the variant bag the context value: name = selectedGPUAdapter; value = GPUNotFound
196 [47760433791872] INFO perfrun.launcher <> - Put into the variant bag the context value: name = i915Status; value = MissingDriver
196 [47760433791872] INFO perfrun.launcher <> - Put into the variant bag the context value: name = isTPSSAvailable; value = true
196 [47760433791872] INFO perfrun.launcher <> - Put into the variant bag the context value: name = isPytraceAvailable; value = true
196 [47760433791872] INFO perfrun.launcher <> - Put into the variant bag the context value: name = isGENDebugInfoAvailable; value = false
196 [47760433791872] INFO perfrun.launcher <> - Put into the variant bag the context value: name = isGTPinCollectionAvailable; value = ErrorUnsupportedHardware
196 [47760433791872] INFO perfrun.launcher <> - Put into the variant bag the context value: name = forceShowInlines; value = false
197 [47760433791872] INFO perfrun.launcher <> - Application exit code: 0
197 [47760433791872] INFO perfrun.launcher <> - Exit code: 0
