13 [47408360428416] INFO perfrun.launcher <> - Launcher main begin
15 [47408360428416] INFO perfrun.launcher <> - MessageCatalogInit finished
15 [47408360428416] INFO perfrun.launcher <> - Launcher instance created
15 [47408360428416] INFO perfrun.launcher <> - argc = 7; cmdline = /projects/scru5660/public/software/install/advisor_2020.2.0.606470/bin64/advixe-runss --ui-output-format xml --ui-output-fd 80 --option-file /home/debu7497/HPSC/codes/solvers_nonLinear/solvers_exp2/e000/st011/config/runss.options 
38 [47408360428416] INFO perfrun.launcher <> - plugin remoteplug has been added successfully
38 [47408360428416] INFO perfrun.launcher <> - plugin system has been added successfully
38 [47408360428416] INFO perfrun.launcher <> - plugin vdso has been added successfully
38 [47408360428416] INFO perfrun.launcher <> - plugin itt has been added successfully
38 [47408360428416] INFO perfrun.launcher <> - plugin  has been added successfully
38 [47408360428416] INFO perfrun.launcher <> - plugin gpu has been added successfully
38 [47408360428416] INFO perfrun.launcher <> - plugin  has been added successfully
38 [47408360428416] INFO perfrun.launcher <> - plugin  has been added successfully
38 [47408360428416] INFO perfrun.launcher <> - plugin  has been added successfully
38 [47408360428416] INFO perfrun.launcher <> - plugin mrte has been added successfully
38 [47408360428416] INFO perfrun.launcher <> - plugin  has been added successfully
38 [47408360428416] INFO perfrun.launcher <> - plugin  has been added successfully
38 [47408360428416] INFO perfrun.launcher <> - plugin  has been added successfully
40 [47408360428416] INFO perfrun.launcher <> - plugin  has been added successfully
40 [47408360428416] INFO perfrun.launcher <> - plugin  has been added successfully
40 [47408360428416] INFO perfrun.launcher <> - plugin  has been added successfully
40 [47408360428416] INFO perfrun.launcher <> - plugin  has been added successfully
40 [47408360428416] INFO perfrun.launcher <> - plugin tpss has been added successfully
40 [47408360428416] INFO perfrun.launcher <> - plugin  has been added successfully
40 [47408360428416] INFO perfrun.launcher <> - plugin  has been added successfully
40 [47408360428416] INFO perfrun.launcher <> - plugin  has been added successfully
40 [47408360428416] INFO perfrun.launcher <> - plugin  has been added successfully
40 [47408360428416] INFO perfrun.launcher <> - plugin  has been added successfully
40 [47408360428416] INFO perfrun.launcher <> - plugin  has been added successfully
40 [47408360428416] INFO perfrun.launcher <> - plugin  has been added successfully
40 [47408360428416] INFO perfrun.launcher <> - plugin  has been added successfully
40 [47408360428416] INFO perfrun.launcher <> - plugin  has been added successfully
41 [47408360428416] INFO perfrun.launcher <> - the option was added --interval: Specify an interval of data collection (for example, sampling) in milliseconds.
41 [47408360428416] INFO perfrun.launcher <> - the option was added --follow-child: Profile process with or without children.
41 [47408360428416] INFO perfrun.launcher <> - the option was added --gelding: BADMSG: perfrun1.launcher.plugin_manager::gelding
41 [47408360428416] INFO perfrun.launcher <> - the option was added --time-source: Specify time source for measurement. Possible values: sys - wall clock time; tsc - time stamp counter; ext - time from an external source; auto - auto select accurate time source.
41 [47408360428416] INFO perfrun.launcher <> - the option was added --stack: Enable or disable collection of stacks.
41 [47408360428416] INFO perfrun.launcher <> - the option was added --stack-stitching: Enable or disable the stack stitching algorithm for Intel TBB-based applications.
41 [47408360428416] INFO perfrun.launcher <> - the option was added --type: Specify type of data to be collected. For example, --type cpu:counters,waiting:nostack,io.
41 [47408360428416] INFO perfrun.launcher <> - the option was added --mrte-mode: Specify Java/.NET/other managed runtime collection mode. Possible values: native - collect information only for native code; managed - collect information only for managed code; mixed - collect information for both managed and native code; auto - choose the mode based on binary type.
41 [47408360428416] INFO perfrun.launcher <> - the option was added --mrte-mode-list: List supported Java/.NET/other managed runtime collection modes.
41 [47408360428416] INFO perfrun.launcher <> - the option was added --mrte-type: Specify which managed runtimes to collect. Possible values: java - collect information for Java; dotnet - collect information for .NET; python - collect information for CPython. You can specify several values separated by comma.
41 [47408360428416] INFO perfrun.launcher <> - the option was added --mrte-type-list: List supported Java/.NET/other managed runtime types.
41 [47408360428416] INFO perfrun.launcher <> - the option was added --trace-strategy: Specify how to profile a process tree. <string> can be "<process>:trace:notrace" - profile the process but do not profile its children. Shorthand parameters: t - trace, nt - notrace. For example, "vtunedemo.exe:t:t".
41 [47408360428416] INFO perfrun.launcher <> - the option was added --collector: BADMSG: perfrun1.launcher.plugin_manager::collector
41 [47408360428416] INFO perfrun.launcher <> - the option was added --system-wide: Enable system-wide profiling. This mode may require additional permissions.
41 [47408360428416] INFO perfrun.launcher <> - the option was added --kvm-guest: Enable KVM guest OS profiling.
41 [47408360428416] INFO perfrun.launcher <> - the option was added --kvm-guest-kallsyms: Specify a local path to the /proc/kallsyms file copied from the guest OS for proper symbol resolution.
41 [47408360428416] INFO perfrun.launcher <> - the option was added --kvm-guest-modules: Specify a local path to the /proc/modules file copied from the guest OS for proper symbol resolution.
41 [47408360428416] INFO perfrun.launcher <> - the option was added --bandwidth-limits: Measure bandwidth limits
41 [47408360428416] INFO perfrun.launcher <> - the option was added --bandwidth-strategy: Bandwidth limits determination specific properties (example: --bandwidth-strategy array-size=0,duration=500).
41 [47408360428416] INFO perfrun.launcher <> - the option was added --bandwidth-config: List of benchmarks to run.
41 [47408360428416] INFO perfrun.launcher <> - the option was added --dump-vdso: Dump [vdso] to result directory
42 [47408360428416] INFO perfrun.launcher <> - the option was added --system-collector-config: Specify subcollectors. Possible values: all, container, device-info, none. Specify subcollectors. Possible values: all, vdso.
42 [47408360428416] INFO perfrun.launcher <> - the option was added --itt-config: Specify a sub-set of ITT API to collect.
42 [47408360428416] INFO perfrun.launcher <> - the option was added --itt-debug: Set pseudo-breakpoint at ITT API collector's start to enable the debugger to attach early.
42 [47408360428416] INFO perfrun.launcher <> - the option was added --gpu-config: Specify types of GPU data to be collected. Possible values: preset1, preset2.
42 [47408360428416] INFO perfrun.launcher <> - the option was added --gpu-debug: Enable self-testing of the GPGPU profiling collector.
42 [47408360428416] INFO perfrun.launcher <> - the option was added --gpu-counting: Collect GPU data in the counting mode.
42 [47408360428416] INFO perfrun.launcher <> - the option was added --stackwalk: Specify stack unwinding method. Possible values: online - unwind stacks during collection; offline - unwind stacks after collection is finished.
42 [47408360428416] INFO perfrun.launcher <> - the option was added --filter-include: Filter data during collection. Possible values: contended=<on|off> - filter out uncontended events; contended_nostack=<time> - filter out stacks for contended events that take less than <time> microseconds; wait=<time> - ignore transitions and blocks with wait time less than <time> microseconds; wait_nostack=<time> - filter out stacks for waits that take less than <time> microseconds.
42 [47408360428416] INFO perfrun.launcher <> - the option was added --debug-pin: Debug PIN tool and runtime.
42 [47408360428416] INFO perfrun.launcher <> - the option was added --debug-exception: Disallow the application to set own abnormal termination handler.
42 [47408360428416] INFO perfrun.launcher <> - the option was added --trace-type: Specify the trace file granularity. Possible values: per-thread - per-thread trace file generation; per-process - per-process trace file generation.
42 [47408360428416] INFO perfrun.launcher <> - the option was added --instrumentation-type: Specify type of instrumentation.
42 [47408360428416] INFO perfrun.launcher <> - the option was added --altstack: Enable or disable usage of altstacks for profiling signal handlers.
42 [47408360428416] INFO perfrun.launcher <> - the option was added --profiling-signal: Alternate profiling signal.
42 [47408360428416] INFO perfrun.launcher <> - the option was added --memory-strategy: Specify a minimal memory object size to be traced and a hash table size for faster objects search; for example: --memory-strategy obj-size-min=1024,hash-table-size=4096.
42 [47408360428416] INFO perfrun.launcher <> - the option was added --gpu-profiling-type: Specify a type of deep GPU profiling: none, bblatency, memlatency, instcount.
42 [47408360428416] INFO perfrun.launcher <> - the option was added --opencl-trace-mode: Specify OpenCL kernel tracing modes: 'default' to trace OpenCL kernels for Intel Graphics Driver only; 'epoch' for any non-Intel graphics, where OpenCL kernels will be traced and OpenCL profiling API timestamps will be interpreted as Unux Epoch time in nanoseconds; 'completion' to trace OpenCL kernels for any Graphics Driver and bind OpenCL profiling API timestamps to the timestamp of OpenCL completion callback.
42 [47408360428416] INFO perfrun.launcher <> - the option was added --gpu-kernels-to-profile: Specify a comma-separated list of GPU kernel names and invocations to be profiled in the following format: kernel_name[#start_idx#step#stop_idx], where kernel_name is the name of GPU kernel; start_idx is the number of the first invocation; and stop_idx is the number of the last invocation to be profiled.
44 [47408360428416] INFO perfrun.launcher <> - create msngr2::ICliToolContext
44 [47408360428416] INFO perfrun.launcher <> - create file finder object
44 [47408360428416] INFO perfrun.launcher <> - create a result directory: pattern = /home/debu7497/HPSC/codes/solvers_nonLinear/solvers_exp2/e000/st011 pid = 4294967295
52 [47408360428416] INFO perfrun.sdk <> - checked that the directory /home/debu7497/HPSC/codes/solvers_nonLinear/solvers_exp2/e000/st011 is a local directory
52 [47408360428416] INFO perfrun.sdk <> - the directory /home/debu7497/HPSC/codes/solvers_nonLinear/solvers_exp2/e000/st011 is located on a share or its FS ID is unknown 26985
53 [47408360428416] INFO perfrun.sdk <> - checked that the directory /tmp/advixe-tmp-debu7497 is a local directory
53 [47408360428416] INFO perfrun.sdk <> - the directory /tmp/advixe-tmp-debu7497 is a local directory with FS type ID 1481003842
53 [47408360428416] INFO perfrun.launcher <> - Create a local result directory /tmp/advixe-tmp-debu7497/advixe-res-36432-15316017792776309 due to the user result path /home/debu7497/HPSC/codes/solvers_nonLinear/solvers_exp2/e000/st011 is located on a share
53 [47408360428416] INFO perfrun.launcher <> - create data directory = /tmp/advixe-tmp-debu7497/advixe-res-36432-15316017792776309/data.0
55 [47408360428416] INFO perfrun.launcher <> - create data directory = /home/debu7497/HPSC/codes/solvers_nonLinear/solvers_exp2/e000/st011/data.0
57 [47408360428416] INFO perfrun.launcher <> - Creating the master collection flag
64 [47408360428416] INFO perfrun.launcher <> - Done creating the master collection flag
67 [47408485324544] INFO perfrun.launcher <> - plugin [remoteplug] was disabled because it doesn't support the given collection type.
67 [47408485324544] INFO perfrun.sdk <> - Allocating TMU :/tmp/advixe-tmp-debu7497/advixe-res-36432-15316017792776309/data.0/systemcollector-36432-shas0137.sc
67 [47408485324544] INFO perfrun.launcher <> - plugin [] was disabled because it doesn't support the given collection type.
67 [47408485324544] INFO perfrun.launcher <> - plugin [gpu] was disabled because it doesn't support the given collection type.
67 [47408485324544] INFO perfrun.launcher <> - plugin [] was disabled because it doesn't support the given collection type.
67 [47408485324544] INFO perfrun.launcher <> - plugin [] was disabled because it doesn't support the given collection type.
67 [47408485324544] INFO perfrun.launcher <> - plugin [] was disabled because it doesn't support the given collection type.
67 [47408485324544] INFO perfrun.mrte <> - system-wide mode is 0
67 [47408485324544] INFO perfrun.mrte <> - Getting  mrte profiling environment ...
93 [47408485324544] INFO perfrun.mrte <> - INTEL_MRTE_DATA_DIR=/tmp/advixe-tmp-debu7497/advixe-res-36432-15316017792776309/data.0
93 [47408485324544] INFO perfrun.mrte <> - INTEL_MRTE_HOST_NAME=shas0137
93 [47408485324544] INFO perfrun.mrte <> - Data directory: /tmp/advixe-tmp-debu7497/advixe-res-36432-15316017792776309/data.0
93 [47408485324544] INFO perfrun.mrte <> - Mrte plugin is initialized
93 [47408485324544] INFO perfrun.launcher <> - plugin [] was disabled because it doesn't support the given collection type.
93 [47408485324544] INFO perfrun.launcher <> - plugin [] was disabled because it doesn't support the given collection type.
93 [47408485324544] INFO perfrun.launcher <> - plugin [] was disabled because it doesn't support the given collection type.
93 [47408485324544] INFO perfrun.launcher <> - plugin [] was disabled because it doesn't support the given collection type.
93 [47408485324544] INFO perfrun.launcher <> - plugin [] was disabled because it doesn't support the given collection type.
93 [47408485324544] INFO perfrun.launcher <> - plugin [] was disabled because it doesn't support the given collection type.
93 [47408485324544] INFO perfrun.launcher <> - plugin [] was disabled because it doesn't support the given collection type.
93 [47408485324544] INFO perfrun.tpss <> - initialize tpss controller
93 [47408485324544] INFO perfrun.tpss <> - configure collection mode: value = projection:stack
93 [47408485324544] INFO perfrun.tpss <> - default obj-size-min=1024
93 [47408485324544] INFO perfrun.tpss <> - default hash-table-size=0
121 [47408485324544] INFO perfrun.launcher <> - plugin [] was disabled because it doesn't support the given collection type.
121 [47408485324544] INFO perfrun.launcher <> - plugin [] was disabled because it doesn't support the given collection type.
121 [47408485324544] INFO perfrun.launcher <> - plugin [] was disabled because it doesn't support the given collection type.
121 [47408485324544] INFO perfrun.launcher <> - plugin [] was disabled because it doesn't support the given collection type.
121 [47408485324544] INFO perfrun.launcher <> - plugin [] was disabled because it doesn't support the given collection type.
121 [47408485324544] INFO perfrun.launcher <> - plugin [] was disabled because it doesn't support the given collection type.
121 [47408485324544] INFO perfrun.launcher <> - plugin [] was disabled because it doesn't support the given collection type.
121 [47408485324544] INFO perfrun.launcher <> - plugin [] was disabled because it doesn't support the given collection type.
121 [47408485324544] INFO perfrun.launcher <> - plugin [] was disabled because it doesn't support the given collection type.
121 [47408360428416] INFO perfrun.launcher <> - set environment variable: LD_LIBRARY_PATH = /projects/scru5660/public/software/install/advisor_2020.2.0.606470/lib32/runtime:/projects/scru5660/public/software/install/advisor_2020.2.0.606470/lib64/runtime:/projects/scru5660/public/software/install/advisor/lib:/projects/scru5660/public/software/install/valgrind-intel/lib:/curc/sw/python/3.6.5/lib:/curc/sw/intel/17.4/impi/2017.3.196/lib64:/curc/sw/intel/17.4/compilers_and_libraries_2017.4.196/linux/compiler/lib/intel64:/curc/sw/gcc/5.4.0/lib64
121 [47408360428416] INFO perfrun.launcher <> - set environment variable: INTEL_LIBITTNOTIFY32 = /projects/scru5660/public/software/install/advisor_2020.2.0.606470/lib32/runtime/libittnotify_collector.so
121 [47408360428416] INFO perfrun.launcher <> - set environment variable: INTEL_LIBITTNOTIFY64 = /projects/scru5660/public/software/install/advisor_2020.2.0.606470/lib64/runtime/libittnotify_collector.so
122 [47408360428416] INFO perfrun.launcher <> - set environment variable: INTEL_ITTNOTIFY_GROUPS = 
122 [47408360428416] INFO perfrun.launcher <> - set environment variable: INTEL_JIT_PROFILER32 = /projects/scru5660/public/software/install/advisor_2020.2.0.606470/lib32/runtime/libittnotify_collector.so
122 [47408360428416] INFO perfrun.launcher <> - set environment variable: INTEL_JIT_PROFILER64 = /projects/scru5660/public/software/install/advisor_2020.2.0.606470/lib64/runtime/libittnotify_collector.so
122 [47408360428416] INFO perfrun.launcher <> - set environment variable: VS_PROFILER = libittnotify_collector.so
122 [47408360428416] INFO perfrun.launcher <> - set environment variable: ENABLE_JITPROFILING = 1
122 [47408360428416] INFO perfrun.launcher <> - set environment variable: CL_CONFIG_USE_VTUNE = True
122 [47408360428416] INFO perfrun.launcher <> - set environment variable: __OCL_MIC_INTEL_LIBITTNOTIFY64 = /amplxe/results/libittnotify_collector.so
122 [47408360428416] INFO perfrun.launcher <> - set environment variable: __OCL_MIC_INTEL_JIT_PROFILER64 = /amplxe/results/libittnotify_collector.so
122 [47408360428416] INFO perfrun.launcher <> - set environment variable: KMP_FORKJOIN_FRAMES = 0
122 [47408360428416] INFO perfrun.launcher <> - set environment variable: KMP_FORKJOIN_FRAMES_MODE = 0
122 [47408360428416] INFO perfrun.launcher <> - set environment variable: INTEL_MRTE_DATA_DIR = /tmp/advixe-tmp-debu7497/advixe-res-36432-15316017792776309/data.0
122 [47408360428416] INFO perfrun.launcher <> - set environment variable: INTEL_MRTE_HOST_NAME = shas0137
122 [47408360428416] INFO perfrun.launcher <> - RpcServer: run RPC server to handle requests
125 [47408360428416] INFO perfrun.launcher <> - Launcher: command line to start before modification = /home/debu7497/HPSC/codes/solvers_nonLinear/src/solvers ./solvers -nPEx 1 -nPEy 1 -nCellx 30 -nCelly 30 -solver cg -nl nr
125 [47408360428416] INFO perfrun.launcher <> - Launcher: command line to start after modification = /projects/scru5660/public/software/install/advisor_2020.2.0.606470/bin64/pin -error_file /tmp/advixe-tmp-debu7497/advixe-res-36432-15316017792776309/data.0/pinerr.tpsslog -detach_reattach -follow_execv -tool_load_option deepbind -t64 /projects/scru5660/public/software/install/advisor_2020.2.0.606470/lib64/libtpsstool.so -t /projects/scru5660/public/software/install/advisor_2020.2.0.606470/lib32/libtpsstool.so -server_name tpss_ipc.36432 -prd_dir /projects/scru5660/public/software/install/advisor_2020.2.0.606470 -- /home/debu7497/HPSC/codes/solvers_nonLinear/src/solvers ./solvers -nPEx 1 -nPEy 1 -nCellx 30 -nCelly 30 -solver cg -nl nr
125 [47408360428416] INFO perfrun.launcher <> - ProcessCreator object was created
125 [47408360428416] INFO perfrun.launcher <> - Launcher: the process was started in suspend mode
128 [47408485324544] WARN perfrun.system <> - Could not do anything with /sys/kernel/debug/kvm: boost::filesystem::status: Permission denied: "/sys/kernel/debug/kvm", at file: vcs/perfrun1/plugins/system/src/trace_writer.cpp:738
128 [47408485324544] WARN perfrun.system <> - Folder "/var/run/libvirt/qemu/"doesn't exist, at file: vcs/perfrun1/plugins/system/src/trace_writer.cpp:751
130 [47408485324544] WARN perfrun.sdk <> - Failed to find xl binary on any of the system paths: /bin, /sbin, /usr/bin, /usr/sbin., at file: vcs/perfrun1/sdk/src/utils.cpp:199
137 [47408485324544] INFO perfrun.vdso <> - Helper runtool '/projects/scru5660/public/software/install/advisor_2020.2.0.606470/bin32/advixe-runss -dump-vdso -r /tmp/advixe-tmp-debu7497/advixe-res-36432-15316017792776309 --tmp-dir /tmp/advixe-tmp-debu7497' returned 1
209 [47408485324544] INFO perfrun.vdso <> - Helper runtool '/projects/scru5660/public/software/install/advisor_2020.2.0.606470/bin64/advixe-runss -dump-vdso -r /tmp/advixe-tmp-debu7497/advixe-res-36432-15316017792776309 --tmp-dir /tmp/advixe-tmp-debu7497' returned 0
209 [47408485324544] INFO perfrun.itt <> - start itt controller for pid #36444
210 [47408485324544] INFO perfrun.tpss <> - start tpss controller for pid #36444
260 [47408360428416] INFO perfrun.launcher <> - Launcher: all plugins were started
260 [47408360428416] INFO perfrun.launcher <> - DirectoryMonitor object was created
260 [47408360428416] INFO perfrun.launcher <> - DirectoryMonitor: a callback was added
260 [47408360428416] INFO perfrun.launcher <> - DirectoryMonitor was started with pingTime = 1000
260 [47408360428416] INFO perfrun.launcher <> - DeadlineTimer is going to be constructed
260 [47408360428416] INFO perfrun.launcher <> - DeadlineTimer: a callback was added
268 [47408360428416] INFO perfrun.launcher <> - Launcher: resume the profiled application and  wait its termination or stop command
13544 [47408360428416] INFO perfrun.launcher <> - Launcher: the profiled application was terminated  with exit code = 0
13551 [47408485324544] INFO perfrun.itt <> - stop itt controller
13551 [47408485324544] INFO perfrun.itt <> - detach itt controller
13551 [47408485324544] INFO perfrun.tpss <> - stop tpss controller
13551 [47408485324544] INFO perfrun.sdk <> - De-allocating TMU: /tmp/advixe-tmp-debu7497/advixe-res-36432-15316017792776309/data.0/systemcollector-36432-shas0137.sc
13551 [47408485324544] INFO perfrun.system <> - closed the system trace file: /tmp/advixe-tmp-debu7497/advixe-res-36432-15316017792776309/data.0/systemcollector-36432-shas0137.sc
13551 [47408360428416] INFO perfrun.launcher <> - Launcher: all plugins were stopped.
13551 [47408360428416] INFO perfrun.launcher <> - DeadlineTimer is going to be destroyed
13551 [47408360428416] INFO perfrun.launcher <> - DeadlineTimer was destroyed
13551 [47408360428416] INFO perfrun.launcher <> - DirectoryMonitor object was destroyed
13551 [47408360428416] WARN perfrun.launcher <> - Stop command is ignored because it is received when collection is already stopped, at file: vcs/perfrun1/launcher/src/command_handler.cpp:212
13873 [47408360428416] INFO perfrun.launcher <> - Application exit code: 0
13873 [47408360428416] INFO perfrun.launcher <> - Exit code: 0
