==
||
|| Begin Execution of fd in slurm batch script.
||
==

------------------------------------------------------

 S O L V E R S                                        
 D E M O   C O D E                                    

 Running on 16 processors 

------------------------------------------------------

CG converged in Work took 0.001721 seconds
Work took 0.001713 seconds
Work took 0.001712 seconds
Work took 0.001721 seconds
Work took 0.001719 seconds
Work took 0.001720 seconds
Work took 0.001722 seconds
Work took 0.001720 seconds
Work took 0.001722 seconds
Work took 0.001722 seconds
Work took 0.001711 seconds
Work took 0.001712 seconds
Work took 0.001714 seconds
Work took 0.001711 seconds
Work took 0.001713 seconds
59 iterations.
Work took 0.001266 seconds
==
||
|| Execution of fd in slurm batch script complete.
||
==
